0
0
20
1
3374
22
17309
10902
22
25760
22
3
22
12811
1
3
5
7
5
22
52109
9
22
22
34951
22
3
22
2
56427
6
5
22
22
52721
41047
22
6
74318
37640
7
22
41603
22
22
6
3
22
5
92975
22
69992
4
22
71508
9
4
78445
22
2
22
22
10
66870
65853
3
65853
5
22
5
103544
22
4
22
22
125080
125691
22
6
4
6
4
93517
1
5
6
3
7
1
107034
4
22
134085
106756
106756
22
3
106756
138217
2
99923
22
93719
22
109540
22
129117
6
6
3
4
22
5
22
152524
22
4
22
5
3
22
6
22
125795
7
6
22
22
3
22
10
140743
135949
154526
22
159599
22
237025
132816
22
4
173730
22
22
4
22
137741
159053
22
5
187627
3
2
22
179017
5
176206
22
4
22
3
3
22
22
195431
214335
221629
218259
3
22
22
22
194639
1
196268
3
22
22
22
210765
4
3
5
22
244253
22
6
228152
226163
186411
22
22
22
4
22
22
22
3
218717
22
3
22
248279
9
219715
224347
244592
2
22
22
266452
245703
22
6
22
22
22
22
255763
22
5
3
10
4
22
242904
22
4
279476
7
22
9
3
273773
10
332843
248216
5
315512
22
6
5
22
228450
22
279519
258950
3
4
248216
6
22
22
285978
311994
4
292078
316927
22
261275
22
297512
3
263698
3
22
22
4
282107
22
3
22
306592
22
296742
22
5
2
282841
370442
268548
6
279537
22
22
3
6
3
22
22
279052
339009
325874
296306
308379
228923
296783
304557
22
7
22
3
409546
22
22
286060
22
398431
2
342120
3
303315
3
334914
22
339686
22
4
3
3
4
6
22
6
22
5
22
6
22
393943
5
3
414105
365401
22
386628
22
10
22
3
22
447841
4
282863
22
4
434094
3
22
22
6
5
397524
326763
383077
443912
3
22
22
383077
22
465530
22
22
9
377354
326133
22
22
22
3
22
3
401282
22
22
426512
3
7
22
22
3
452324
406589
22
22
22
5
4
5
2
9
5
9
10
6
341838
409033
432096
4
425642
425021
4
425642
5
22
22
3
22
4
3
509199
421178
452500
22
6
441202
383372
430281
3
22
485109
3
22
479517
1
538958
22
4
6
10
516671
7
22
5
557996
22
22
7
521098
556625
6
22
448697
2
543301
428325
533133
22
22
22
409496
22
491175
22
22
556039
515666
491175
6
22
4
2
22
3
3
508809
531036
5
1
533582
22
7
3
22
22
22
491175
598311
550299
4
5
570523
525287
6
22
509664
574430
22
22
22
512013
5
524116
533582
22
3
615417
22
475890
562670
2
22
4
502955
4
5
548631
7
653685
22
565019
517470
6
596338
6
2
4
10
549058
620877
22
22
586196
22
5
593392
5
6
571931
4
22
4
22
590297
520469
4
22
611315
22
533099
22
6
22
2
608793
4
551914
22
22
22
3
620342
22
556193
599594
3
22
22
22
622975
5
22
612302
10
595617
570668
652997
5
3
4
9
22
22
3
595617
644751
22
22
595617
22
638749
605396
22
22
22
6
22
644751
601232
22
7
605396
611383
22
3
5
1
22
3
22
22
22
6
688072
3
734296
4
22
3
602697
10
22
635146
2
641076
22
22
6
22
22
595587
641114
22
5
672574
613581
22
22
22
22
4
647351
22
706458
6
665506
3
22
635200
690900
3
707455
22
10
22
22
22
635200
5
22
648124
4
726727
5
22
22
4
744467
22
22
22
5
5
683789
4
4
22
3
22
22
639060
9
9
22
22
22
22
22
1
22
22
740814
3
850387
22
4
3
775351
779318
4
2
22
6
22
9
4
22
813306
7
6
22
731000
791302
752633
6
3
22
752633
22
7
22
22
22
878257
22
22
3
3
22
22
22
752853
22
4
22
723675
22
22
5
713696
683205
4
5
6
1
757063
851906
22
22
22
773889
22
3
3
22
22
733132
22
4
22
22
22
10
744000
815455
865942
811347
22
2
749363
1
833759
5
22
2
3
10
692652
3
22
5
3
22
22
22
5
3
22
787679
2
826398
3
22
22
22
22
3
800934
939187
855976
22
22
22
3
22
22
10
22
2
4
788208
773754
5
813077
924461
933480
920577
5
22
7
4
22
2
22
4
22
942004
2
4
22
719127
22
22
804104
3
946468
22
841695
22
875536
887724
22
5
882044
22
5
22
5
4
22
22
22
22
22
22
22
22
5
9
844097
22
4
22
1
22
1010228
884054
5
996991
948761
3
874098
6
22
984840
22
22
2
10
22
1045711
5
22
932200
3
22
1
22
6
6
1049563
22
3
22
913221
904346
942382
898873
5
2
6
22
1
22
22
909521
22
22
22
5
6
6
925559
4
1
1083517
22
971921
1
4
22
3
22
22
6
3
22
22
4
895161
22
22
1087430
22
22
979531
951060
6
22
2
5
22
931133
1012871
3
1012178
1032908
6
22
998285
1096529
1130089
5
1051516
22
22
3
1113299
9
948316
948316
1051677
22
22
4
1137749
1070426
1042184
2
22
22
1049283
1049283
1132332
22
7
22
1017163
1
3
3
3
4
22
22
22
22
1058819
4
22
1048020
2
1041729
6
22
1070465
3
861043
1052008
1050468
22
6
3
5
1179851
22
1106972
1102725
1083336
1162240
1089687
9
1092034
22
22
3
22
22
22
4
1091325
3
9
1122796
22
1105275
2
1180994
22
1092034
22
4
4
1020689
22
22
1135966
5
3
6
1113899
1
4
5
1201794
9
22
3
22
1135966
22
22
5
1135966
1117925
22
22
5
22
1109282
1080399
22
4
22
1124145
1219347
4
22
4
22
1240368
4
1104317
10
1124381
22
22
22
1
22
22
1163369
1036935
1168337
937291
22
2
6
22
10
5
1154037
22
3
1126909
1233511
1258316
22
1128716
1242428
1166489
1159236
22
1167352
22
1167352
22
22
6
1285153
1288104
6
6
1256064
22
1185695
22
6
22
6
5
3
1176784
5
7
10
1197823
1272933
1162821
1197823
2
1298726
9
5
22
1298726
22
5
2
4
22
1230262
22
22
4
22
1150035
22
22
4
1185093
22
1233570
22
22
22
3
1193995
1321056
1167093
22
22
6
1300168
22
22
22
22
5
22
22
6
6
22
22
22
9
22
1
22
22
1339124
5
1114314
22
3
1363910
22
993284
1114314
22
1275079
22
22
5
1168542
1342216
22
22
1394073
22
1231438
22
22
1243377
22
22
3
22
22
3
3
1278975
10
6
22
10
1164454
1286976
22
1380716
2
1277141
22
1253990
1274911
3
4
22
10
2
1253990
1327165
1232919
3
7
6
1271917
1311504
3
22
1271686
1310093
22
22
22
1315342
1427729
5
3
2
1310419
6
22
4
22
1202858
2
1360936
1360936
22
22
1318037
22
22
2
3
6
22
7
1220408
6
22
5
2
5
7
1324018
1292699
5
4
5
1373060
22
10
1362389
22
22
1302261
1378041
1442771
22
22
1252308
3
22
22
22
1069695
22
22
1312737
7
22
5
5
2
3
5
22
22
6
3
4
22
1376696
22
6
1097250
4
9
1359922
22
1399003
1249068
6
3
3
1475838
22
1442085
22
5
1336817
22
1469079
1419832
5
1474498
2
1338023
22
1344543
1099910
1395355
22
1480851
22
9
5
1295633
22
22
22
6
22
2
1514793
1450436
1363537
4
1514793
1450436
22
6
1402713
22
22
10
3
1470505
22
9
22
1436294
1433456
1459844
6
2
9
2
22
22
1512644
1519348
22
1424733
1447313
22
1428704
4
22
1157951
1329805
1
22
1445017
6
1452431
1463614
22
1163270
22
1476088
6
1388093
22
4
22
1
22
1491271
22
22
1450953
22
22
5
10
1494406
3
5
4
2
3
2
1500626
22
10
22
5
1
1456851
3
5
3
3
22
1567554
22
22
22
22
22
1508563
1471511
1568105
22
3
6
4
1485216
22
22
1200220
22
22
22
9
2
9
5
1551708
1215274
1612646
1590252
3
1590252
3
1590252
1369390
22
4
1637893
10
22
1600707
4
22
3
22
1
22
4
22
22
5
6
1374933
1625243
1445562
1672669
1608903
1625687
22
3
1634501
5
3
10
22
3
1530596
1
1555706
1617957
22
22
5
22
9
22
22
5
5
1557744
3
22
22
22
1487623
1625207
22
9
1699584
1546455
7
1636900
22
7
22
9
22
5
1585076
22
2
1504160
3
1557416
1585076
1688230
1595129
22
3
6
4
22
1636241
22
1665675
22
6
5
4
22
22
1721757
1640770
1609267
1754813
22
1726165
1601537
1531324
5
4
1623937
22
22
22
1664024
22
22
1527549
1541844
1633339
6
3
1
22
3
3
1653009
22
4
1696469
1637380
1614680
7
22
2
1490182
22
9
22
22
5
22
5
1614680
1651358
7
4
1785344
1585008
1696834
22
1779165
22
9
5
22
22
22
1732450
3
22
1624641
3
3
22
1665304
3
22
5
6
22
1587617
1691764
9
22
1559028
1798535
3
22
1672936
1730057
22
4
10
1562702
1647050
2
22
22
4
22
22
22
3
22
3
22
1679173
1796840
4
4
22
1670676
3
22
10
1858674
22
1754606
1735553
9
4
22
3
22
1571382
22
1737314
5
5
22
22
22
22
3
22
1795369
1795369
22
5
3
4
3
1414715
6
7
1684293
4
22
1720106
1805064
22
1857980
1651144
22
22
22
6
22
22
5
22
10
1868166
22
1721759
22
1824710
22
3
4
22
22
5
22
1719474
1823921
6
22
4
1804324
22
10
22
22
10
22
5
22
5
5
1722534
3
1445968
10
1762062
22
9
5
6
3
5
1721114
22
1730929
22
22
5
6
6
1752573
1451630
22
1741238
1741238
1734863
22
1741238
1897116
1901960
5
9
1822431
22
22
22
1752573
1742218
1863401
3
6
1835084
1859364
1
22
1840605
22
3
1819632
9
3
22
1897911
1927645
6
5
3
22
1805128
5
1906174
1917647
5
22
22
22
22
1773238
10
1821455
4
1814752
22
22
10
1908948
1906174
1786823
5
1836417
10
4
1
1844016
7
22
1875938
4
1822699
3
1958161
6
1846258
5
5
1958161
22
22
22
1811382
6
22
22
1922415
22
22
3
22
6
22
22
1971405
1819066
22
1815315
1
3
1824870
1
1511384
6
1824870
6
1877501
22
1854267
6
2
3
4
22
3
22
1863227
22
1856251
22
1984973
4
5
4
22
1994307
3
22
1891031
1901318
4
22
22
22
1908899
5
22
4
4
1863431
22
2008597
1890828
22
22
5
22
1949160
1
22
1543691
22
9
4
2137140
1972455
9
22
22
22
22
22
3
22
22
1927503
22
22
1987510
4
1918921
22
22
22
22
22
1870588
3
2032192
1825574
22
22
22
3
5
1942928
2032192
1
2
2001863
3
1886613
2001863
7
4
1971917
22
3
22
22
22
6
6
22
4
2000307
3
1850466
22
22
2062553
3
22
1952820
1851161
10
5
1892466
22
22
4
22
1965892
5
2008798
22
1892466
22
5
22
2
5
2017198
5
4
5
2060938
22
1
22
1976633
2022134
9
2229037
5
2028329
22
4
3
22
1990058
2028329
22
22
2245227
22
22
22
22
3
2029065
2059271
4
5
22
22
3
22
2161741
4
22
22
4
3
2125934
2051004
2271631
22
4
6
3
22
22
1931701
9
22
22
5
2108220
2108220
22
22
2122535
2
2020824
2128866
2115751
1940578
6
22
2080736
22
2
2206649
1943199
22
5
2058504
22
22
3
22
1
22
22
6
2324845
22
22
3
2076366
6
4
2121934
22
22
22
3
5
22
2075181
1994012
2053212
22
2043758
6
22
7
22
6
22
2096295
2059714
22
22
2096295
5
2187138
2052557
2154285
2144786
22
3
1991062
5
22
2048093
2066806
22
2155164
22
2
22
22
2125109
2197103
2074118
4
1
6
2
2
22
2378736
2142736
2189118
10
5
22
2130038
22
2188402
2226852
2237073
3
22
6
22
2208065
22
4
22
22
2146363
22
1
22
2069030
2219175
3
6
3
6
3
2285152
9
2190840
2152374
5
4
6
22
22
6
4
22
2269521
22
7
3
2403181
22
2116717
2
22
22
4
10
1
22
2181236
1883068
2167939
3
22
2353042
10
5
2291758
2239965
22
4
1
2372616
5
2288960
2099853
1909239
22
1
22
2209768
4
2302119
2154892
22
2287431
2184521
5
2319571
22
3
22
22
2241807
4
3
22
6
2210476
22
22
2165010
3
22
2301955
3
3
2126185
22
10
1
22
7
6
1926506
22
2130308
2
22
2301179
22
4
22
2
2365948
2
3
3
4
22
2
2226358
2347281
4
2275136
22
2275136
22
22
22
22
2257839
2275136
22
22
22
2257839
22
22
22
2244867
4
1976351
4
22
2359658
22
6
5
4
6
22
6
22
4
4
2556028
22
22
22
2398447
2303677
22
22
22
2401679
3
4
3
2364856
3
2477624
22
4
22
1
1
2293069
2382440
4
22
2260725
22
22
2438196
2302856
2302891
2335968
22
3
22
22
2311937
2271645
5
22
22
3
2457153
3
22
3
22
1
22
22
9
22
2601555
22
22
3
2454485
10
22
2322500
2397475
2272840
4
3
22
22
2306494
22
5
2477054
2385079
22
7
7
22
2406120
22
22
4
22
7
4
2489950
2475947
2353894
2421053
22
10
22
22
5
2
22
6
5
22
22
22
3
3
2334311
4
2
2449057
5
2448335
22
5
2493563
2449768
5
22
4
2505259
2505259
2479749
3
2479749
2103240
22
22
2557097
22
6
22
2396060
22
22
2474269
2363510
2482005
4
22
22
5
2509453
2538948
22
22
2573003
2429177
2407934
2527069
22
10
22
2330715
2330715
22
2518699
4
2483414
22
22
22
6
2592659
6
2437822
2437822
2559194
2452402
2140521
3
22
22
22
22
22
2597012
9
6
2621914
2456094
22
2362941
22
2431917
2509593
4
2362941
22
2524251
2550701
2612599
5
5
1
2515243
22
1
3
2576021
2625050
4
2419692
22
2
2446376
22
1
2592628
9
2583195
22
6
5
10
9
22
4
22
1
4
2586597
22
2632984
4
6
2560777
7
22
2456037
22
22
2632342
22
2521026
1
22
10
22
2635514
22
4
2586025
3
22
2509507
22
2657008
3
2589823
6
2613573
22
4
2574294
2490628
22
2
22
2528350
2
2
2580529
22
5
1
2626613
2509450
6
2670174
3
9
22
2
22
2753108
22
22
22
2655586
2680642
22
22
22
4
4
2556015
4
2202678
2557294
22
2525105
3
22
2655501
22
22
22
3
6
2584735
2733116
6
22
2733929
22
1
22
22
2667610
22
22
3
22
2708517
22
22
22
22
22
22
6
3
2551962
9
2752450
22
2
22
22
5
4
4
2655411
22
22
5
2672872
2765599
5
22
22
22
2608929
5
2
2711411
22
2544634
3
22
2746496
3
2746496
22
9
2531130
3
22
2684409
3
2619681
22
22
2726081
2600122
3
2726081
22
22
22
22
22
22
6
22
2655347
2566770
2829264
5
22
4
22
4
2706291
6
6
3
3
3
2585218
2666996
5
2776345
4
2666996
22
2812359
4
3
2718822
3
22
2819929
22
2764742
2695029
2735899
22
2600434
22
6
22
4
2649519
2864111
22
2800732
2745155
22
22
22
22
2718097
2745155
2718097
3
22
2648744
3
5
22
1
2660430
22
2749754
3
22
22
22
2704428
4
22
22
2664146
1
22
9
22
22
6
22
2829649
7
4
2752536
3
2631109
2828751
22
22
22
3
22
22
22
22
2695186
4
2830195
2748920
1
22
2797224
22
10
2866846
22
2722110
2697069
22
22
5
2770573
22
2861199
6
6
2770573
2872510
2824560
22
1
22
6
2876565
5
7
22
3
2
2769178
4
5
4
4
22
5
2799353
6
7
2735406
2779972
2866798
2887911
3
6
6
5
2
22
22
2849415
22
2920224
7
2806049
3
22
5
22
2879595
7
2913458
4
22
2900205
22
2839037
22
5
5
2901800
22
22
2421517
6
4
2421517
2854214
2967853
2727715
3
22
2890620
22
22
2725994
2923824
22
10
22
6
22
4
22
2911877
2801680
22
22
3
3
22
22
9
4
6
2937250
22
2989625
22
22
2838474
2949340
22
22
22
5
6
3
1
6
22
2475811
2957509
22
5
2847544
6
22
22
2981902
22
10
22
5
5
2938744
6
22
22
2938744
2952679
2
5
3040601
4
22
2761555
4
2961538
22
2841170
5
3040601
5
22
2913055
3
22
5
2847749
22
22
2896913
2770418
2923858
3
22
4
22
22
2945785
22
3071528
3014715
2986715
3072824
4
22
22
6
22
2862862
22
3
3
22
2908618
3035084
22
3
22
2876277
22
4
3084501
2793410
6
22
3024547
3039242
9
22
22
2906039
22
4
22
22
4
22
3031764
2
4
3043572
22
22
3031120
22
22
10
22
2957749
3036817
22
3095952
22
5
9
22
3095952
3
22
22
3030240
22
4
4
4
22
3
22
2
9
3
3126736
22
6
22
22
22
3059723
3030165
2
4
2982441
6
22
22
22
22
3011211
3147444
3119154
5
3
22
4
3152858
2961013
22
3135273
2973570
22
2983248
3101102
3122934
22
22
2997093
4
22
3107656
22
22
4
2991594
22
22
2978026
2
9
3109763
22
5
22
5
2
22
22
3139174
3058338
4
4
22
22
22
22
3160645
3000166
2902332
22
22
22
5
22
2907086
22
5
22
5
3009881
22
10
22
9
3009881
7
3160257
22
5
3217339
22
22
3161373
22
1
22
5
3199349
1
22
3
22
22
22
22
3250182
22
6
5
22
22
6
4
3039537
2
22
3044914
3207261
3207261
3063765
22
22
4
22
9
5
3179173
5
22
5
22
22
2742438
3135411
22
3148585
22
22
3
3266371
3140704
3219576
3252624
22
3282100
22
22
3159414
22
3159500
22
22
3047347
3257620
22
3
5
3114019
22
3
22
2779151
5
3307218
3237448
3178652
5
22
6
3179173
9
22
3257401
3184209
22
7
22
22
3
2
3184209
1
2
6
22
3105505
3
2
2
2
10
22
22
3211350
2805983
22
3
22
4
3
4
22
22
3276826
7
22
3195486
3195486
22
22
5
4
5
22
3201175
22
1
7
4
3324146
22
22
4
22
22
2830612
22
3318103
22
22
5
10
22
3321075
4
3201175
22
3203871
3326887
22
5
3
3321553
22
3256031
3125572
3
3
22
10
22
22
3
3179096
3202452
2
3162969
3168688
4
22
22
2857283
3
5
9
22
22
10
4
3
22
22
3197862
2
22
22
6
22
5
3306036
22
22
22
22
3186123
2884391
3090079
5
3365005
22
2
22
3154728
22
3367095
5
22
6
22
9
5
3176896
3197370
3174243
22
22
5
3324488
22
3
6
22
6
2
3180969
3388739
3251932
6
3281554
3356055
3389726
22
22
1
2
10
22
3339589
4
3346653
3148313
3341996
7
3387098
3
3342508
22
3219740
22
3195775
3
3429056
22
3165814
4
3197721
22
22
4
3
22
3395811
3176847
3484680
2
3337204
3307970
22
3430601
3372285
3252434
3
1
4
3366233
3430601
3320713
3366233
3
22
1
22
3329579
3199826
22
3378468
3268347
3342699
6
6
3390502
3
4
22
4
3234589
3
3
3
22
6
3
3
3
22
4
22
3
3294973
22
22
3503728
3503728
4
4
6
22
22
22
22
22
22
22
3393707
6
4
22
3316888
3560371
3296045
22
22
22
2
4
4
22
22
22
1
22
4
1
3521516
22
22
22
22
22
22
22
3576412
22
3
5
22
4
22
3590678
6
22
3519157
3526533
10
3377272
6
6
3437412
3478423
3599775
4
22
3432662
6
22
22
2
2
22
22
3575584
9
22
4
22
22
22
1
6
22
3
22
5
5
3
1
6
3575584
22
3557909
4
3610417
22
3589071
3
22
3384751
22
22
3401499
9
3393861
3614854
22
22
22
3402592
3
3473693
3467424
4
3
3630003
5
6
22
3404750
5
3417493
3580545
22
3412732
3594746
22
5
3580545
22
22
2
22
3613169
22
5
2
22
3618997
3
6
22
1
22
22
22
4
3
3622450
3433579
6
22
1
22
22
22
2
3195166
3489093
3552827
3446612
3351448
3433579
4
6
4
22
3622442
3489093
6
22
2
3
3
3
3520400
22
4
22
3551502
22
22
5
22
4
1
6
3464748
22
6
3449949
3558206
3657737
3449949
22
3490312
22
22
3603258
3
22
22
3395824
22
22
3
22
22
4
3459675
3541964
3520987
4
6
22
3665068
22
6
7
3462688
22
22
2
22
10
3585646
3699604
3478166
3478166
22
7
6
22
3686013
3
3265606
22
3487602
3500863
3718979
3620096
22
22
3437124
22
22
5
2
3
22
22
3658446
22
6
3649130
22
22
3546367
3717826
22
3746232
3657493
3
22
3733878
3453068
22
2
3714645
3759071
3684050
2
5
4
3689074
5
3645690
22
3645690
22
5
3
10
22
3829401
22
3786406
3
4
22
3710225
6
2
4
22
22
22
3568563
22
3330004
3846250
22
22
3543051
3863380
22
5
5
3
3624098
3
3867571
3672828
22
3830865
22
22
3471750
22
3665432
3692870
5
3
22
22
22
5
3
3359517
22
3707289
4
22
4
3697258
3746061
3746061
3557831
3825748
22
22
22
10
3873076
3
3604905
3820925
1
3722759
22
6
3498964
6
5
22
3921477
3717482
4
22
22
3372997
22
22
3
3785439
22
3887576
6
22
22
22
22
3935185
6
22
1
22
10
3857501
3
3763437
22
4
4
3872531
3
3
4
3909526
22
1
3780632
22
4
6
3750382
3
22
6
3776863
5
22
22
22
3767151
22
7
3930271
4
7
5
2
22
3824678
22
3737822
22
3783868
22
5
22
3787915
2
22
22
3
22
22
22
6
5
3770266
3656645
6
4
22
22
3943808
3808213
5
3996623
22
3774151
3418323
3684582
3808199
3656645
22
3679783
3776893
4
2
1
22
22
3
4013253
3
6
22
22
2
22
22
22
3829323
4
4
3942164
22
4031301
4
22
4
4038381
22
3
22
4
22
7
3949736
22
3
3868682
3879059
5
4057104
4076258
3836299
22
1
3724659
10
22
22
3726084
5
4
5
22
22
3885301
22
1
3959045
22
3848862
22
3848862
3485873
4
3736740
5
22
22
22
4
22
6
22
3
22
22
22
3973753
3890596
3763043
9
22
4
5
4
4
3994837
3769178
2
3772949
2
3904186
3904186
4
4108558
22
3988725
3516661
5
4086054
2
3
3
4013832
1
22
22
3994666
3902392
5
3726409
5
22
2
22
3
22
4
3791434
3897393
22
22
6
2
7
3904183
5
10
2
3904183
4
4139137
22
22
5
3920868
4056338
6
6
3741940
3846840
9
5
22
22
4052071
4056338
22
3971853
22
22
22
3996864
22
3990889
22
6
4045433
7
22
4145451
22
22
4073574
3
5
4
4017754
4069976
5
22
1
22
3571509
22
22
22
22
6
22
6
3992966
4094879
4099942
22
7
5
5
7
3835179
4125361
4111064
22
22
6
22
4041143
4014724
22
22
22
3912418
3852925
4018794
3989566
4106468
5
22
6
10
22
7
3989566
3
2
22
3
3913206
22
3913206
22
3
3
4041291
22
4051648
4
22
22
4074844
22
4136742
5
22
4
4111415
22
4
4085729
4070628
22
4
4
3
4121861
22
5
6
6
4138719
22
9
4
22
22
10
4231780
22
4103653
22
22
4161217
3
4122420
22
9
3862110
2
7
22
4261525
4
4293932
4325473
22
9
7
4057026
6
22
22
22
22
5
5
4368929
4181096
6
22
22
4187838
22
22
22
22
5
5
4327150
4100622
22
22
2
3
4
22
5
22
4194615
3
22
22
22
6
2
22
3
22
3
5
4363684
22
9
3737016
3737016
4
22
22
4
4049058
7
22
4
4
10
4151953
9
22
6
4398295
5
22
7
22
5
22
22
4166611
22
5
4335131
5
3757976
5
3981221
4244141
4207688
22
4234589
22
22
3
3
4244231
2
4247025
22
5
4104982
4236123
22
4443898
22
5
10
4255154
4438115
3
22
6
4258001
22
22
4467723
22
22
4188143
4258453
4
4269948
4269948
4195319
22
3
4258453
22
4
22
22
22
22
22
4301400
4246183
22
3
6
4276595
4195319
4102012
22
5
1
22
4396295
5
9
22
22
22
6
6
4
22
5
22
9
4264321
4318498
4318964
4264321
22
4298583
3
3
22
4292281
3
22
22
4113705
4295128
22
4118601
3
4220757
22
22
22
3
4284490
22
6
22
5
3
4107062
3
4297106
4294503
4066409
22
4114547
4328669
22
4328669
22
22
22
4143511
22
4564646
4564646
4340151
22
22
4072072
4341085
3
4565027
4
22
9
22
6
5
1
4166167
3876405
22
22
22
4
22
3885203
4346974
22
4485344
4485344
3
22
3
4368837
22
2
4346960
9
22
4371951
4224263
22
4505391
6
4190159
4169189
3
4371951
4169189
4344966
22
22
22
22
1
22
22
22
3
22
4365341
22
5
3
9
4371973
4235485
22
22
4235485
22
3924787
4235485
22
4409368
4345034
3936927
1
22
4226653
5
22
22
4370318
4390872
4
9
22
6
6
4
10
4150569
4457530
22
2
4434413
22
4
5
4435612
5
3
22
2
22
4383365
4435956
4
22
6
3972068
5
4458692
4383365
3
4463514
22
4193838
4417047
4417047
22
4628018
4368917
22
22
6
5
4
22
22
6
22
4
4218106
2
22
22
9
22
2
4199341
4442077
22
2
22
22
4460111
4311249
4438363
22
5
10
3
9
22
22
4513615
4500666
4390670
22
2
22
2
5
2
4513615
22
22
22
4661714
4394356
22
4
4669395
22
4309846
22
3
22
22
22
22
4
22
6
4408689
4461923
22
4323991
4461923
22
5
22
10
4407874
22
22
4466430
1
22
3
5
4627777
22
22
4236300
4068690
6
4534986
22
22
22
22
4
4536138
4307353
4425709
3
5
22
4442474
4
4
4500969
4510679
22
4687165
4495990
5
3
22
4
3
6
22
4476655
2
22
10
22
4
6
3
4490742
22
22
4
22
4425217
3
22
4698591
4691317
22
4337100
6
5
5
22
22
22
4703130
22
4102134
4344089
22
3
22
22
22
4530819
4
4703130
22
4703130
3
22
6
3
4
22
22
4457464
4387888
22
22
3
4107999
3
4279296
4704865
4560288
7
4593949
4706040
4279296
22
22
4392391
4704865
22
4608052
4112127
4114366
4575083
4497906
22
4493314
22
4410961
4494311
4563096
4299468
22
22
10
22
22
4405359
3
4482815
22
22
4
22
22
4485273
5
22
22
4410615
22
6
22
5
4511712
4598364
4511712
4589230
22
4
4511712
4502989
4725748
22
5
6
22
22
4736576
22
3
7
4776390
22
4430735
22
6
9
4637760
4
5
4
4671221
4413411
5
22
22
22
4432162
22
4614485
4765874
22
3
4340907
22
4
22
5
4619222
22
22
4
22
4
22
4631785
3
22
1
22
4
7
22
22
4430586
4637133
22
4
22
22
4160607
1
22
4353713
6
22
4657950
9
4455504
4
4458948
6
22
3
4
22
22
3
4666526
22
5
22
4569038
22
10
5
6
22
4387640
10
4685200
5
6
4674538
4
4812421
4637652
6
3
4517066
4
4407555
4
22
4646449
4184159
6
2
22
4759221
9
4421201
5
4698445
22
22
2
5
4654629
4508140
5
22
6
2
3
22
22
2
4
3
4
5
22
4749700
4766299
22
22
10
4
4509860
5
9
3
6
5
22
1
22
3
22
4731813
4812144
22
22
4645448
22
4
22
22
4709351
22
22
4596088
3
6
4516144
4738338
4955110
4804306
6
4825378
6
22
4736694
4733697
4917447
10
1
5
22
22
22
4775278
4892546
4818323
22
22
1
4
4794640
22
6
7
2
4836801
22
5
5
6
5
7
4949174
4801379
10
22
22
22
22
22
22
4972622
4801041
4544643
22
4545774
4965061
22
4737929
22
5
3
22
4981836
22
9
6
4851825
4
4801379
4988206
22
4801379
22
4849271
4719680
4756937
4
4565042
4874043
3
22
4756937
22
4569894
9
3
1
22
4882580
1
7
22
22
22
22
22
4605502
4761612
2
22
22
4784921
22
5
4772522
6
5032036
5
6
4894380
4620795
22
4
3
3
22
3
4829466
22
22
4789654
22
4620795
2
22
22
22
3
3
4934296
4605428
22
4833007
22
4814170
4646631
22
22
4646637
4955543
22
22
22
4852764
22
4646637
4729696
22
3
5
4925317
4823920
5103403
4815399
22
5
9
22
5
4823920
4
4829899
22
22
5008473
3
22
7
4638036
6
10
22
4841069
22
22
5
2
5
22
22
5
22
4993982
22
3
5
22
6
4661222
22
4650164
4960987
5
5053787
7
4882664
4
4465476
4848035
6
5005989
7
22
22
5015109
2
22
22
22
4898407
22
4847254
5175938
9
22
22
4875779
22
5189596
5069520
4879393
4715840
4856777
22
6
4864928
4988859
4
22
4
5210700
22
22
5
5
