-1000000000
-1000000000
-1000000000
-1000000000
-1000000000
-750797654
-651340104
-1000000000
-1000000000
-1000000000
-1000000000
-1000000000
-1000000000
-1000000000
-1000000000
-1000000000
-1000000000
-1000000000
-1000000000
-1000000000
-1000000000
-1000000000
-1000000000
-1000000000
-1000000000
-1000000000
-1000000000
-1000000000
-1000000000
-1000000000
-1000000000
-1000000000
-1000000000
-1000000000
-1000000000
-1000000000
-1000000000
-1000000000
-1000000000
-1000000000
-1000000000
-1000000000
-1000000000
-1000000000
-1000000000
-1000000000
-1000000000
-1000000000
-1000000000
-1000000000
-1000000000
-1000000000
-1000000000
-1000000000
-1000000000
-1000000000
-1000000000
-1000000000
-1000000000
-1000000000
-1000000000
-1000000000
-1000000000
-1000000000
-1000000000
-1000000000
-1000000000
-1000000000
-1000000000
-1000000000
-1000000000
-1000000000
-1000000000
-1000000000
-1000000000
-1000000000
-1000000000
-1000000000
-1000000000
-1000000000
-1000000000
-1000000000
-1000000000
-1000000000
-1000000000
-1000000000
-1000000000
-1000000000
-1000000000
-1000000000
-1000000000
-1000000000
-1000000000
-1000000000
-1000000000
-1000000000
-1000000000
-1000000000
-1000000000
-1000000000
-1000000000
-1000000000
-1000000000
-1000000000
-1000000000
-1000000000
-1000000000
-1000000000
-1000000000
-1000000000
-1000000000
-1000000000
-1000000000
-1000000000
-1000000000
-1000000000
-1000000000
-1000000000
-1000000000
-1000000000
-1000000000
-1000000000
-1000000000
-1000000000
-1000000000
-1000000000
-1000000000
-1000000000
-1000000000
-1000000000
-1000000000
-1000000000
-1000000000
-1000000000
-1000000000
-1000000000
-1000000000
-1000000000
-1000000000
-1000000000
-1000000000
-1000000000
-1000000000
-1000000000
-1000000000
-1000000000
-1000000000
-1000000000
-869053415
-1000000000
-1000000000
-1000000000
-1000000000
-1000000000
-1000000000
-1000000000
-1000000000
-1000000000
-1000000000
-1000000000
-1000000000
-1000000000
-1000000000
-1000000000
-1000000000
-1000000000
-1000000000
-1000000000
-1000000000
-1000000000
-1000000000
-1000000000
-1000000000
-1000000000
-597582901
-1000000000
-1000000000
-1000000000
-1000000000
-1000000000
-1000000000
-1000000000
-1000000000
-1000000000
-1000000000
-1000000000
-1000000000
-1000000000
-1000000000
-1000000000
-650189187
-1000000000
-1000000000
-1000000000
-1000000000
-1000000000
-1000000000
-1000000000
-1000000000
-1000000000
-1000000000
-1000000000
-1000000000
-1000000000
-1000000000
-1000000000
-485678791
-1000000000
-1000000000
-1000000000
-1000000000
-1000000000
-1000000000
-1000000000
-1000000000
-1000000000
-1000000000
-1000000000
-1000000000
-1000000000
-1000000000
-1000000000
-1000000000
-1000000000
-1000000000
-1000000000
-1000000000
-1000000000
-1000000000
-1000000000
-1000000000
-1000000000
-1000000000
-1000000000
-1000000000
-1000000000
-1000000000
-1000000000
-1000000000
-1000000000
-1000000000
-1000000000
-1000000000
-1000000000
-1000000000
-1000000000
-1000000000
-1000000000
-1000000000
-1000000000
-1000000000
-1000000000
-1000000000
-1000000000
-1000000000
-1000000000
-1000000000
-1000000000
-1000000000
-1000000000
-1000000000
-1000000000
-1000000000
-1000000000
-1000000000
-1000000000
-1000000000
-1000000000
-1000000000
-1000000000
-1000000000
-1000000000
-1000000000
-1000000000
-1000000000
-1000000000
-22060315
-1000000000
-1000000000
-1000000000
-1000000000
-139677982
-414096744
-1000000000
-1000000000
-1000000000
-1000000000
-1000000000
-1000000000
-1000000000
-1000000000
-1000000000
