-6578779
4777468
6630716
9756681
8948714
3819916
2831543
13932089
-23733688
-9573860
-618658
-1576023
-3908130
-6784949
-11591482
16558064
-1215416
-25071510
-6629790
12963284
-4792430
-7832021
-7777729
-3873541
-5983284
-22861856
9319525
-3815955
-7621312
-15108767
2054310
4484316
3829820
9549972
-325240
3005498
6085825
6576580
-2828286
-20029338
1139267
-10325123
1908567
-10597449
-15656855
-5011722
24706948
4859261
-15798886
9365291
-2173591
-22390178
-805675
6875847
-8838460
12788813
4877261
-13424941
-1730503
-6662740
-12320072
8973871
-10150482
624922
-5681058
812835
9784107
11825820
-1268694
7925462
2808537
5045368
9172030
426434
20418788
8850182
4655620
-15316960
1488620
-2350510
-11793358
11075937
-3563796
-10818132
14392031
17205678
-6504019
3530178
14105910
-4318099
1841107
14680240
-8016667
12696483
-5481254
7697660
-3216763
-1408041
-7708499
-19582712
-13099276
4370152
-3779530
8878857
4114245
-30046
5880962
8927287
-17503765
3892099
-652529
-6518102
-3426714
3874952
3845124
10420629
-8943486
-777100
-2209124
5799357
14978613
-5881162
1530090
-4890203
-8453605
-327210
6322845
-13147175
1011363
-4705751
-11371043
-11774979
-991045
802719
12829123
5082538
424796
-9079121
14720740
15460842
3446848
-8107092
-4063238
12838206
16487187
-337101
-6786587
-3230165
5975674
10960943
4009039
3486661
4676772
4411099
6028113
10006916
28723739
2436758
-2888836
-5675103
7838933
-3081686
-6555034
-10821627
-7347414
-14841850
6401742
7463746
-9450604
-3689647
-8081152
-12671625
-28386376
-12361851
-10043302
15608110
-3447875
-2659798
2320410
2580977
-8142247
-7083755
-1008150
5904047
-8360491
-5726383
-5571214
-26504361
4351979
-2019368
-9738647
9249366
-8043430
-8425512
-13008349
503246
-3631558
-13068169
-10403034
20021204
9950795
3279583
17531351
9293894
4141843
13998855
-4531166
2884813
-6753757
-8383180
-5857127
10437980
-5094733
-869853
-1059026
-13145885
-14246948
-18229806
-13664349
13348076
2223046
10550981
-21233192
-339124
17923483
7295845
-6522376
6102135
4554878
-18207843
6764539
10178925
-11024780
-366537
-13463367
6242852
-1311407
-17043875
-3857336
19017733
5363511
3023452
3831532
-1775404
-1102969
18137019
-10662157
-222508
-9097302
1647820
-1062994
1686755
943615
7388290
-3764271
-17041247
25493016
6343752
-5224884
-2199198
2005966
-12082939
6527054
4404108
-6472975
-1003384
14524837
-6149074
-7557600
1731240
-11409944
3548868
3464812
-1602453
-6742258
-6455223
1877164
8630236
10433687
1585810
-2691147
-7802242
7307574
-8919613
-2887703
-8303046
2914738
4012055
-13361414
-16529654
4650816
4964994
-20576871
-9884158
2454257
1876120
-12795230
5132984
-10637564
62818
-8273224
16771268
2684804
-6768620
-9869375
377425
-976651
-1410675
-19225955
-560649
848833
-190146
-4080996
8149926
5838622
-786750
-931904
-3676073
6613918
3698800
-13068480
9161470
-5337309
-4929856
-4698631
-2019084
2652426
4198646
-5078691
5898011
12973686
11641937
9168129
12978087
19521571
31006670
11870543
2655139
12206506
-5535687
11668966
-2385418
-5116273
-6942984
-8937134
-3480152
8728499
-8978765
5350567
-3281669
-22011971
18382199
-18930811
-15543970
-2868263
-7345406
-5592709
8053132
-3576489
13600316
-10208349
12398850
13156692
20100912
13543968
-20465678
13388242
6843430
-7950322
-6896602
3147077
30275925
-5900338
-4897540
673944
-3455770
729085
14883434
-3377485
11033898
-6341526
5660160
-22054738
11057529
15033979
6482948
3052265
12728090
-10887674
5071958
-4458260
1307063
549817
7715078
-5866595
-13280785
9232228
-8616447
-6196610
-8084948
1968478
2172654
7993942
-7345767
12866056
7962293
2598027
7167300
-10704573
-6276846
-16762128
13584092
-4481121
-6936174
-2334205
-6256103
7973545
2359697
-1394165
1238471
13062038
1998643
-23699269
-11852889
-1695500
3036622
1895222
2471633
-3884586
-13558496
3012516
-5293409
1932953
-17329384
-1386807
-9779292
-606077
10098997
-3961797
690301
-14354912
4857386
7585993
-12614276
1729189
-6344081
-2113999
4209763
16155892
-17163735
11365941
-4707035
-9714714
11652198
4028872
3136322
-147134
22915207
-1690362
29456
6343705
-4232159
-3135526
-6396683
-15496588
8751016
18924800
-4250323
-1994534
1905313
22376401
-656101
-8709435
4133968
-4382399
8968902
-2002841
5252406
-6239168
-4113720
-2059920
-3412626
9593122
-13541377
14121808
-687119
-3733324
-2065848
-10244056
15105507
16741606
11928847
-211042
2848853
-8852666
-3496089
9585032
4746311
-3006728
-5549155
7261268
11274000
12201120
2753243
-13176008
-4409453
11932197
-4247251
2621384
6984405
8065364
-2759521
1291171
-7964690
8405388
-3031896
1536841
2446022
7584107
6256821
-14557643
-16800
5314059
-2222445
-3854963
-29128022
11768963
-6906971
16253134
9184362
11926429
-12356135
408848
871729
11876270
-2009261
5463180
-3630518
1859928
-6770735
10286681
5003877
-13506153
-7192168
868698
-3896473
-5039275
-1204211
-15008635
12521490
9640282
3771293
-10227651
-3999704
11209331
18897872
6190478
14375219
-2572024
-1234728
3937092
-6871860
-27552614
3030506
9088184
-10715736
-5529814
60461
6219144
1659087
5254422
5649367
-5535137
9149718
-13198725
-349558
-24416354
-8513732
-8906543
17178122
-11127347
-1325463
-5380111
-11028709
-3625797
2408693
2047477
-4337418
5005450
-3103426
-4624896
5372283
-4405888
-16418580
12164145
1297344
-18646348
-14702370
3886801
8126988
2101600
-15239706
12997034
7765059
6453110
-944897
9884693
-15261811
659424
-6853774
5293800
382870
-5402945
5319922
8922444
6983370
3493317
-360050
-12454160
4701868
6603756
-7419158
2360030
-6147515
7834155
1470160
10259695
18289908
-6519131
15249595
14766454
3147671
5057056
-9014759
16846498
381933
-6442136
1810982
-5915246
-2715931
9998693
-270226
-7140956
-2896314
5370546
7478588
-7461375
-19811743
-3537586
-6718330
-3070896
-10323471
2958555
6398094
-6118045
-15205078
6521626
-12183755
15995611
-995246
-1959335
17376821
1266998
-1565467
2098607
-5416328
362291
-2727465
-10722305
6052867
-9335107
-19255866
12902841
-4700603
4365854
12125972
-12326196
162729
-8563275
-10183208
13632964
718430
4130460
-22676137
-2130298
189610
56766
3930448
-7990733
-11871415
-8489883
-604387
14066342
7670973
-14730873
-2433895
-2205517
-5399268
12562830
-23498187
-12992525
15589731
10728913
-4507849
229791
14130182
-4987423
-10049595
-5882
404708
2815422
-744592
1192873
-10116423
-430825
-11157662
3762633
-575579
16596325
16536407
-19953507
-29673857
7629961
8866226
9444053
-2954122
-1127078
4250563
-8924619
-2629116
-2845554
-2727967
27440097
1965641
-5828660
3091223
-4596633
-105085
17058585
8191530
-5516248
-26026184
16202170
426409
4942479
-11880764
-4100935
8466839
-5605256
-3386177
-11686994
382808
-3898426
-3176481
1641907
12023603
-227687
8128814
22334763
-10160350
7741245
-1541400
17475541
-1086062
481540
8513017
-3423554
-13312493
16118636
4110269
-23062824
-11302568
2247611
-4253974
-5158451
-1722626
6292208
-8741002
-13168062
8225060
858854
-15109212
8072146
5956057
-4508304
6734971
12201168
-11236082
2234396
4755330
-14805110
4588237
-4116877
-9905503
826425
2334366
-4566107
723532
-5598761
-1984695
21152823
-9123177
-1968798
6690524
2895072
10859300
-447802
-10453051
3820686
-9423045
12374013
2718013
20750909
-15764145
-5061369
-14943139
2865721
2987836
-16797202
-1421822
-11886658
-9542427
-305112
12723725
-14567384
6410515
-4067525
3327159
-9826564
-7798510
-3840708
6297336
4261809
-2896969
13579013
-21083042
2261573
-604724
-15781883
2085650
-9489192
-2229440
-4484084
-9870589
-2589109
6582955
15216293
-5088192
2477211
3936622
8579140
13221378
-5504660
-2440853
-23303945
-9782427
1686826
-380179
718814
-1056480
12127884
5420526
-11812623
-205373
522517
1103548
9213180
-9111961
-6016633
-2283461
9578113
-32238648
-12735957
-2303462
-14080812
-3340345
10241257
-3360551
9958319
4156360
-11783364
3307252
-9081031
5038409
730611
-923805
8360354
-6910308
5119758
-2138651
15159150
-9161673
-19194262
-2080692
-7839252
2439711
-5684943
11748653
-8959327
7569535
1517637
-21328514
-6720916
-21873034
-5621563
4370221
-201633
3680942
-12747625
-6268321
-14321017
3695429
-14629632
-703627
-5409389
-10014237
7093418
-638515
16252877
-10272915
-217753
-11368373
-7646212
-7148408
-5189759
6306237
-9682251
244013
6071282
-8003896
556869
-17632767
13808290
-3649933
9748456
-12596845
6222579
3224714
1890212
10785492
3817824
-153582
12557537
4603209
7650667
2114885
-10811908
7525407
-949461
13988162
27797840
-16966869
-3923186
8849871
14498080
-684440
-2758610
-4297015
-10730641
14731401
-204469
-3472879
2656212
-5792744
3708386
-1757897
-2975939
7799824
-3307809
3784313
-845853
-3200430
-5954816
-12222953
-8512681
5404756
-12389330
5483568
187014
29828899
7171281
-10622237
-786682
-12106080
-3763969
12965861
-10251672
10568741
19057953
6741931
-5594602
393409
-1336670
12069405
7535136
7040941
6304809
-6075592
-1939659
-6809095
-16397846
8859299
6778853
1434491
218147
-13358390
-2170446
-2488732
3115561
-5902701
7814428
5329865
-10076464
3928287
-3572730
-25889101
5709813
-10714660
3297432
7563408
-22614170
23929272
-786900
4567792
-14524655
-14047546
-11540461
-8229359
2524373
-15784798
7469106
14923551
9951248
-668732
12432555
-4364981
-4233329
-7272241
-10997320
-16498028
-6562335
1496264
-7100360
-14302509
-11224832
4803112
11044895
-16830315
-6837804
-14185504
-20593226
-3543520
2709563
-6377467
-7726894
9555619
-10716055
4312116
-9686359
-1314718
-1021911
-4710495
3204572
-15626509
-453590
2184612
1917966
-1004761
417390
12484899
-16686354
-14625524
-10058919
3026466
-15434144
-855340
3677811
13004017
-14126065
-14629071
-13104892
14056164
5325875
-948965
3797611
-414989
13271384
-498923
2640635
-11843296
-2634833
-6182909
8195499
-796667
-4590271
-6806687
13770430
-11759127
18045774
10058813
4527494
-9136531
-4053833
-126494
-8940417
23442190
-4604182
-3803437
2545166
-382644
17648644
-11032593
-1420371
621141
5125709
-20245840
2237377
2663632
11065030
7567844
-3862890
8442125
12504309
-5094676
-627917
6266558
9761685
5278518
-3604669
-9602685
-1488770
5211583
2414528
10849981
8769806
13149881
-10447479
-5840510
8418514
-1509061
-14641976
-14778585
8807210
-6662308
1660050
-2456300
330356
-10742656
5577602
-874922
389428
-50436
2370473
9956828
-2670652
6333510
1759015
-22162194
-3515877
712145
11517177
6956927
3344212
688081
5460551
-21722065
3222908
1519268
557139
-18907778
12943498
-10491798
-5733512
1790969
-6297554
-1025462
-110211
-11060437
22689146
-15758954
-3088206
-14568045
4809305
10265180
5692159
-20181007
4763133
-10719048
6069265
-11129302
-7231524
13958656
28540755
12427747
6056311
-6576685
4298585
-2244500
-11308652
-2562682
-56616
-9332939
8358492
-12890699
22254745
-1876097
2997177
2679926
794249
-5915329
-5826031
-8220262
7991269
-2530918
1357206
9409898
-1061992
5357366
-15169481
-4851103
15031791
12861721
-3358774
-14213466
1199550
5827990
-8912099
-5489923
6240439
7066339
-19125286
1923773
8961095
3728820
-9849101
-6605810
-9396668
3568439
-7974561
-10311647
1579849
20271024
22490984
-2438627
6265022
-22076029
6838563
-15700824
-9794871
-186008
9010411
14432694
-1062790
-2628478
-3421383
7340696
-7244317
-15142077
-1960545
-4757807
-9232929
19404270
6431460
3952356
7045072
2229783
3841231
-390720
-3580884
-9502950
-13981659
-5421263
26130637
2264937
2965007
-4440431
-12030659
4757623
-14755772
8925007
13255714
11854061
-3383252
-3291734
-4400758
-3656024
11904770
4325787
-11204443
1405231
-22507
-8688587
-5153704
2887400
-3327539
-13210547
-10257
12859358
-720378
-9991862
-6234918
-18730946
2165135
-9472911
1593717
13290288
-5129605
-16034225
5019752
-6637220
14462239
-7771490
-12698849
-1866242
-10929418
-1417198
-7281808
10823755
21573126
-6523621
-2881935
11575019
7650430
11975594
12886687
-16392430
-2623704
3600416
-770976
7212027
1534101
-16694311
2044265
4304626
3520998
3380366
-6374745
-15679012
5502278
-3597089
-7039595
11835616
-391190
12929678
4860220
-6360839
10810265
14120673
-13456579
-12874314
-15099459
-19140427
-11171769
3552878
-12485219
230385
-5288950
10316034
22960418
-10751481
12445857
6336178
-761633
9490481
-6149861
-10485373
15006296
-12484180
1572761
-3458582
6195203
-6331171
-2913518
-10507966
62936
25257893
-8361470
7146333
-2962861
4405836
-1146588
7680170
-2218466
-3879335
-7770850
-5233305
5426957
553438
3945493
-1194596
-5213402
7213482
7876013
-1273677
-8675562
-2221819
-3975665
-3969513
2609069
6570605
1620216
13353970
157645
11090010
1415051
7447927
4081171
-431132
16040941
-7519764
-7256849
14907087
-3782208
6115516
2205366
-2999763
-7823467
13948713
6573642
-4514533
5166218
-3094774
2201689
7329520
-22767699
2545381
6652913
5709329
2813182
994648
11186840
-2850677
-16618180
-6943712
-12820605
5562299
-8128272
16189658
9149065
15753248
2481167
-6598242
-4425062
-1889973
-4852118
-6030976
1267560
-3303658
13119270
-10645252
-8137610
4266761
-2588954
21250680
-12788214
13130383
1196146
-1342436
4915660
-1297266
4005485
-13576799
8269795
10108472
-2047813
-2072637
-5749790
-13329918
-12795489
-3770097
-13489535
9231796
5702413
3745048
-2790859
21073513
-3483156
-19950728
635153
8437589
9750250
-5313199
-7165813
-16238600
-17144699
4670666
-7656176
-12226939
-901901
-4132191
-2566433
115277
-659076
13775035
-437179
4599820
-8349275
-7457249
4581997
14525154
-5989623
1831555
4400855
1556026
10052521
7575811
-25062369
-22057169
-9338194
8161889
5849843
-208095
13792151
-13781452
11628170
11839793
2819514
-7205859
-3436
8997001
13192216
-22620736
-8967911
10200547
4874878
11239042
12668008
10383162
-4938422
-9015897
9942363
3709884
270839
-2426693
-10005693
-9055230
-24132230
-1831334
-27546079
6435893
-4881696
-3289707
10318563
2944813
-13119584
5741455
-6035232
8756980
-8667611
7683102
-9422774
-18528769
-2405809
-7055955
-4697977
-15290031
-1138860
5235382
6934800
10570583
14560001
1761218
-2485906
-15250285
-18030111
-174427
8003013
-7451830
3730591
-5493325
2234367
-12624064
-12795513
-5358885
18330376
7808825
108756
1863411
8794875
17045745
-178499
-6824494
8345344
-4832362
-3639970
-1988263
4383428
-11564812
-2508558
10087009
-2491783
13662968
12363476
7014912
-14954031
5801194
16680111
-2968129
6126790
6106723
-4931101
11088169
-14119243
8776459
-2188788
6347726
-11154563
2456245
3037632
14580870
16187432
12885483
-16049513
-5820350
10761640
18839280
19993188
-5121078
-1847417
540490
-16430907
4773165
9291380
-6881530
3490317
2872091
-13332499
-19455256
4318729
11316282
2820731
-1741144
-5324902
-6312799
2681719
27801972
9675745
-5878152
-6620814
-1952520
-4390651
-14813373
-1111435
11519240
7949364
8381821
-16972233
752562
6899541
10107662
19404789
-6573690
-7730013
2211791
8305038
-14810294
-6000698
-9003240
-13639627
5153735
-3819775
-6133522
-9553413
12771657
20128168
-1355245
6623853
-13070542
-980006
29591
-9075329
3494223
-10568164
2010001
2191756
3636886
-5410664
-4009250
-3620278
-12090886
3941592
6739601
17590429
-6171260
-11895304
-7094740
703672
3547340
-19780018
10669756
-6687555
7352384
5724749
2661237
10104919
8691476
3016902
-8262125
-8221759
9510293
6529062
-1562520
10100715
16789939
14021181
3309550
4568223
-17007332
-5257314
-3985724
-1410165
1381374
-2965305
1245166
-1116552
-29436
-6071865
9483889
-16632727
12502675
10655855
-1560730
5051212
5039817
-2130118
-6478508
-8859938
-9135371
-12162625
8550550
5105928
-18831726
-8224683
-10138780
-1038545
15241620
428568
6924568
-1378970
-10555621
-10085067
-11803136
378323
1531739
-9298371
13851031
11924876
1644907
10007665
-5626033
14602734
20108793
-5009177
-16564651
-4851376
-6542582
-1634911
-1547374
10792875
-125836
4726407
-4088480
4767346
4577730
5415095
1152354
7771464
-7152152
-11561462
-8027473
-3130680
6925087
-2466565
-5964582
3407157
-759529
15281079
14709373
1618026
-2560327
4490418
3172985
-10692349
3286997
16461709
-3283231
6164668
-5318627
-7591389
3444682
21423378
5608998
-3541757
-4624965
-315160
460564
19460895
4928980
-16733252
-2815745
-4576897
-797383
-4260840
-13036411
2338043
685838
-1140922
19210245
-1748180
11333873
-13733695
-3590834
-5109935
1104412
7116134
-12061645
-3008996
11995735
3417889
-4480482
6451008
-9859050
16867847
-5190398
-15803356
17522449
-2523482
-24539909
14041164
-4925657
-1259432
-8271197
1317278
7042836
1369004
9392884
3235958
-8845701
580421
17629070
7597411
-8676821
-4646622
953560
-2473440
4324199
-5770400
-2836942
-1548626
4197023
5762664
13366649
-5534493
13183527
2585850
3464095
-926675
-10134692
5919195
17702926
-19001090
-1343542
-598921
6878301
-4121334
-453815
4809297
-2924145
6199762
10804586
1726565
-14418841
3527715
-2410823
-29762197
15056875
1227358
-453628
-346873
-12469063
-12184430
-33492
378243
-8011027
-4206837
6431581
-2491763
-9043948
1052793
7543000
656406
-4548742
2154232
7621553
-5689944
1768586
12908746
-6059843
-9124630
-16087966
2328030
-4494133
-8780036
4714419
489001
-1675888
-2293730
6518969
13128210
-4242063
-6615535
-13772907
5198379
-10288844
-805547
-5286943
704384
-9279977
-1250645
-21563774
-6045920
2080693
9791677
4409764
-397976
-5299200
13401556
2764688
-4230589
5010928
2324999
-4546009
432323
5955109
-4039049
9901749
-48926
-2131421
-2980576
1269488
-17918088
3268009
9624726
3961796
6681015
6937302
1909227
-15556329
19431296
7766123
24671306
-12461604
-10714905
11412138
-13594164
-55774
6973070
9959328
-6385737
-4894096
-23051852
-5352094
3942847
-7190181
-5837622
-4662317
1314433
9165028
3032448
7235126
-4952736
3778487
5137632
-3490352
4656790
5467835
-11922912
-14965913
5862983
16782826
6914822
8231835
481797
12314681
-9514437
-815857
-9546709
18286130
-2292389
1106262
16027443
-18881223
-7680833
17014802
7957674
3653892
-1183896
9245074
1251076
-2944041
5447467
-4010342
-7569402
-12043852
750867
4436853
4776943
926600
-3940337
3971065
-12611334
-12240081
3676366
2651436
3451767
13358884
17975273
-2305275
-7894282
11688137
-17483544
9247478
-6202975
-7201462
3923030
-4544424
-3822907
4373858
9942074
-5025298
-11498884
-4172324
-1547338
-737710
-8206649
4665519
672188
-4846553
-1902110
-2072909
-2826756
-599680
5396639
-5929795
14799877
10276695
1424356
5992371
-4312315
-15850583
3757103
-373267
-7350877
-1500686
-4646587
-23049221
6143913
12072571
-13093375
-23400118
-53217
-114028
-9279144
-11811204
-5466545
-15652713
-2737500
-2232371
3081103
2564791
-1932456
15294168
16389271
4045835
14126193
-4474177
13231965
5197714
11277073
-863185
6007630
-16974373
11100087
22510797
2777582
-3831258
-3091088
10651861
-1866415
-675032
-3714780
6082135
-12260797
28690
-4587637
-8492807
10447635
-3711386
729475
-4216992
9410943
-14355316
-9390077
8719544
10849177
12513319
-10141686
-4234460
13769799
-18035441
-2722408
5756318
11896370
6890676
-10209034
-15437737
-799247
-6407695
9692609
-2225785
1637802
5986432
3271672
10782824
8175316
12004230
9473692
-2003213
-5871020
-16035421
4966203
3382707
-17929248
9661654
4884583
-7545838
-10292021
-3707996
4893082
-7592603
14983817
3591782
-8244450
-103253
14385846
13773288
-15691062
8614789
16266199
-19829813
16745518
3651234
2567908
16250290
12287957
619104
-7664007
156620
-8005584
24164508
4841367
-261225
-20968758
6624306
12460655
-14578948
-151113
5036985
-2409659
-1754124
13771359
-6483029
4523696
9170799
322543
8081419
5212443
-4318284
14489796
1167577
3099425
-10913242
-13481669
10394060
-10821018
9153452
6745555
116639
818648
-15419016
-19336572
-4437313
6466963
-140400
-3680530
16068291
263675
15492870
1510762
847635
5550590
-4019210
-2722948
-7899114
-4697962
10714220
-6151973
-18052563
-1718853
-10787517
21380627
-26455516
-5633266
4622155
10297642
3136448
-7516760
9222136
-2087546
-3963500
8428349
3621351
-4166844
-11131761
23198813
-1546757
673442
-10999532
4254566
-329748
-5224428
145826
-19020153
-10513135
3472207
2081964
-2543986
6544328
-8621148
5716511
88818
-3618108
7592497
22731240
5015344
3455522
-12378363
1432152
4186718
-12788576
-2740981
8681540
2482300
301665
219563
7121844
11663709
-8095938
-19755167
-4154936
-5808203
-7830721
-393995
4688806
-1213615
-21530895
-4735253
10978492
7581282
-8733739
-20219207
-20080613
296132
-4236526
10088080
13538050
2148209
7528891
3051263
9601766
-22247505
-5433961
-10948228
-10850610
4952195
-3505058
6418327
10008128
-10345776
-1772498
-15265724
-10513304
-1504024
-7119018
7464068
995386
455330
1131110
8299031
-18471445
524774
-1928090
-3434681
-251672
-12169024
-5972298
2682560
-830119
4571720
6639833
-10530089
9057123
2115810
-10598491
-19560552
-315980
11801200
-14873172
-6311826
1106914
9858189
3861307
12134079
10460721
9660197
3646006
-3769446
5323037
16767704
-4936946
-11695068
-1510829
-2288536
-26674232
-16532256
-2500176
11276841
-627054
7878707
6155810
-8694568
5007510
8068711
-1391551
3703565
1744618
14032436
2300406
-9461197
-6873205
8885441
-12542471
-10697136
25796408
5114287
-3511016
-18282
-3891673
-14014719
-10461499
-1258244
23510230
-7186776
-15199304
14181675
-11002434
-1907056
-8471312
-3937849
-2850478
2513352
1085094
-6917673
11808361
3941205
-3495281
10789328
-668721
-952628
6514248
7282790
5985193
5800496
8323423
10279805
-15328838
2956947
-5010890
-780364
-6957910
2348559
14999525
16599369
-15926182
-1891422
-1813014
-19859189
5661022
-21204606
-9761456
-20844533
-5572692
-4115211
5009376
3906150
825541
2207995
10070748
4847617
-14540789
10987987
-3308708
1567868
5536821
9506506
15399223
3028384
3354849
10969307
-13997378
7956133
880024
15339217
-928748
-2777799
-4197641
6750928
-7283378
8285647
-8572053
-21281947
-6596302
8515979
-2141755
-13438083
-971705
12335408
-211963
-13832534
4441164
-1262181
-15237750
-1257523
6504430
4678376
2229923
9067988
1956657
-10266182
5318657
-1015110
-2866565
9254471
12367924
19329071
101733
9267419
1562641
-14008053
689204
5574395
9104103
1473440
-9330102
-1283589
-24820264
-13554346
-5649226
-3256256
17844715
-850425
17776802
-3424389
10059074
5334010
11424332
-15319365
-3921946
-10538357
2488792
-606918
-7900813
-19595886
-3396688
-11328000
-5576430
7067361
-2775183
5417560
-4406146
-4584824
4096861
-13918731
247741
809190
4207509
18497751
1073506
7118384
-21000167
-13653297
3892850
6483448
6298587
-21867636
753802
-6677541
16204223
-7739057
5703138
5512964
9673556
-2865643
6650069
2153883
4042268
3526536
2228946
-4676562
-9083501
6616072
-2364552
2855534
-9712370
-15695929
-11938283
401678
-12005461
3290323
-4937522
22023358
2714954
10429306
-16617473
-2922370
3441180
-1427123
-12081490
2034730
17997861
21573204
-2927686
-1681152
-14095119
5549390
2488093
-1680670
-16150172
5815804
3946708
-4851168
-22750802
-3544316
12676578
16622062
20796099
-14391709
-2482630
5153952
11400195
-23294517
-7810393
11073523
-4405158
11662770
7515309
5872727
3101316
731822
-11267691
-7355961
-13029464
-7092154
6596363
-1531468
-11638440
668791
14499894
16634665
5278885
-9465484
12440917
-4580646
19344318
301808
-20681891
5186210
-10288274
6286343
661677
-12569280
-12071549
-12548522
-3333401
-1318897
-4865308
-2293985
-1888203
3838451
-13321691
10971289
6651725
14400143
-6561269
6146423
-16872926
351749
5201278
21755186
-3083103
3346288
-4748545
-7870496
-1851214
4078321
-17198056
-5787436
5310607
-1306295
-6901218
-5186525
1997451
-276563
-3567884
-6755803
3139549
2574418
7730981
-531088
15168
7395472
-1804498
-15093132
7808738
-7140127
-3632476
9656782
19921327
-5848657
4171422
-8890529
-2208276
7472974
5794125
-1746302
15050331
5369356
4825453
2375016
4104001
5957404
6278315
15514463
7474355
-1159322
15278404
10970384
11473107
11905014
-22822245
-19021273
-11020643
1008254
5632212
-1429467
3790775
2830341
-280793
-271347
17785796
-446513
-1304809
6800734
7154155
-7019188
16169236
5294503
-15287203
-4472051
-7354804
-3159115
4398298
-1149483
7632744
-13237536
19185982
6713235
-10535705
-10445279
2237782
-18078540
-6569319
-6010369
21451212
13746942
10062513
16849425
3178642
2225382
-4194092
-5159918
14998080
623157
-11626113
6542485
-7614239
16297894
10601954
-11591748
12679721
-12856980
13865042
10654535
12466437
-15102154
930093
4939280
-5592410
16767734
14981359
-1770357
1114663
-1902018
-12228825
-9207047
-1273878
-16760224
16224075
9341311
8656175
4041783
1647830
14976458
-1118338
23542695
10266779
4531510
-11488814
-6967636
7119893
-1174249
4636906
-5495164
1939779
-3756094
5183640
2012579
-2988372
-5754679
16828236
-2714599
-3727208
-16291150
5906494
-19078935
12979745
-16362946
-8140589
13760869
332652
8546102
-2113912
1999419
740059
-14569044
-11753501
10794466
-6433863
-8163010
-6919044
2204495
4150556
14771005
13513765
-18543488
-3396853
9015591
10118601
2770460
-11340487
633706
-6485650
-7345245
1408972
8617340
6349148
7856130
-1184721
-1344626
14591277
17292142
12349371
3597452
11793220
9513918
9104646
14768665
3288604
-2248091
9017983
103859
-7312779
-10970997
-7904982
-4183743
7277029
-7390863
10650293
-6957361
-6350115
992009
11419841
2663051
-7675349
-3193447
-563138
14783939
-231008
2105878
11336926
-19199237
-16069797
6869081
10215256
-12627554
-15720936
2000114
-3500052
11180489
3369722
1060519
-3224175
-11390100
-14206690
-10597651
-3470463
10832678
-4937689
15364219
2562512
-4989515
7818218
-2750006
14947441
1751922
1344714
-7553564
10001610
-13384857
10533050
-10530918
-2911
2563055
-5514769
-6995670
-2130901
8713758
-6873831
-425618
-5321095
5685846
5627538
21671608
-13893727
597510
8660889
-4718407
1014934
-13980621
7707131
-155027
8289466
-828611
-3775999
4922039
-5454220
1264005
-6834094
-1422151
1441063
-5674526
-3793563
2875296
-2904208
-1933982
-4011248
-2197743
9231573
-6581137
-4898852
327208
4254867
9426972
-10722014
-1884797
-5716559
2753559
-5372507
-19888790
-5839121
-8331190
-21176753
-11404785
-6597686
3936818
-2067201
-24351779
-23587317
11740588
-7413972
-10539214
374530
-6347354
2002372
2882852
368486
8764577
11277640
6017971
-9069480
7334411
-391476
-772412
9809123
-2302970
-10758847
2677187
2042637
-1849726
289186
21599223
5413542
3026258
3895259
2838544
-5298504
-3768612
12157342
-5236681
-4275982
-7274895
17712266
-7352119
-17987461
20089337
7827450
9908694
2188664
-2243869
-586870
-13800280
16425437
4251206
-7425877
-1245082
6392245
11191562
-5942377
-4206059
-2099419
7072160
-2552994
5869485
-5291390
1653796
-15433454
-20667312
-8022690
8673340
-5020629
2580024
-570093
3068144
-14473747
5307586
1778540
-789882
13318071
9182272
-6299128
-10138577
-804143
-191682
19717976
6922822
-8337879
-208572
-4665375
1270831
1756376
1196443
11131227
6924731
-18509944
-8641719
-2979423
2248052
2041
5387662
-10387381
3824812
-887475
18350689
6541458
10180003
4581974
-5092130
-8429130
3106278
-9985015
-6941197
-6476636
-2989467
6944505
11663407
-6638313
30900
1890907
-2627757
-5521168
-621601
1574487
-9795251
-14148581
-5103273
-15953105
-319362
11938800
-5990948
3084904
793589
-1377565
912292
-24456863
18096181
7308861
-4346792
-2281959
-1106756
11177145
-8515079
-14592499
2416181
-3762796
1137832
-7165435
-10120052
15945879
-3531360
3579019
5839487
-3634391
2310324
263016
15275464
-2053943
5894492
18535985
-1849067
-10172193
12173044
16263675
16231259
-4028436
4077867
3281749
-23191465
9589459
-9008917
3258465
-930880
1834446
262547
6440432
-6540824
1121320
-6769125
18189209
-2353299
12438341
-3290359
12599375
-2213070
7736152
5776634
17340831
5799260
-2239751
-9870005
10262697
20758563
-2072232
-4705844
-1731708
14057157
16328691
-3895350
-3428132
-6475421
-9307019
-2527375
7927490
1699644
17685901
3842005
22331229
6898287
1665364
19164522
3071691
9215366
7893313
9850579
1219424
-6431404
-597546
-9810589
-8793998
5128093
-881797
-4414040
-8633477
-6654388
14533000
470060
1004399
4792805
5337479
-7121659
-4108905
-609783
2204393
7950786
-3666181
24135375
3855792
-3145026
576324
4092410
-405423
-5062895
6894004
-1442096
1800387
6924000
3351257
4595572
-11353514
5820583
-4620414
1726120
-22827931
-2589
-4619355
6016627
-11168969
18751214
8440477
-66477
-16344698
3136687
-2713874
-6693968
-15708382
7486995
-4731325
8156131
-15118921
-8394362
-8019967
2078035
-3843478
-504434
-6623641
-8068544
3258897
-2975501
5427315
13697902
-13862623
15669574
296438
5846164
2892288
-9797775
1948926
-2867792
6424996
-8692611
4655691
-2118151
-11541263
4527959
-3861401
-12759413
-2372458
2197572
-4662820
2565815
11900569
5820800
3156542
-6932914
-12047223
-3406687
222099
-13034693
-10178527
21285147
1347621
-8910463
3115452
8114381
543127
2164489
386989
1789778
6679249
3612507
-10294844
8417267
-11012153
4841175
8562489
-2147845
24103823
-129315
4223310
1834444
4496542
658736
6544887
37822
11186162
-742119
9500678
-9456929
-1391704
1880279
-16041933
8404640
3496415
5354718
5723055
-16335202
-28407970
2153629
3826623
3292992
64433
21117112
6487710
-10044959
2815245
1609825
2148771
9463446
-8731088
11816104
-967318
2794052
3272419
-14100335
-9216
9933561
8048290
6710061
-1462868
-1502557
-12777608
1622109
-7591105
-4148672
-1808015
-2590755
-5131660
-4194279
10086132
-4550865
18436927
3812356
1267256
10773615
-2112920
12449952
-3724149
5658054
9141925
12773821
9196743
1007081
-7917941
-4459470
-17392379
3941072
1962105
-82517
-13544440
105952
17127621
-9903019
-6310259
17665132
-5519020
-5762415
56867
-3851993
-21950265
5121739
-9748196
-16717270
11535520
-5155937
-14244658
1654599
-267330
-8562246
-1501434
1136121
3926244
10676540
5446859
-2361103
-4678979
29206
-10538087
-7114148
-5622322
-1803771
-2808654
16612628
-11341003
-11408546
1887945
-234091
-7774048
1870908
4843218
2881144
1244722
-1292640
9831951
13315482
2382564
15749524
4952682
6434237
-3429954
1965096
960147
-482446
11899109
-8321090
-2578192
-9095384
-2922500
-3942838
1720108
6112415
-1218734
792848
-4367830
-8865943
13290449
-10552089
-10491354
-8794316
1110412
-9475600
-1399718
-3792791
3924386
10042666
-6150816
16138061
6263742
-1242226
-3694666
8700148
418971
-1669413
-1940866
-15723369
-4318849
-7015684
-11479941
-26582539
1923548
15584411
2651425
1345071
-6444878
344104
-12554350
-3425656
-7622257
-21910599
-9258061
2505640
-10581170
-12949919
1769862
1586659
7850077
6425627
-9485467
-8451281
-11218515
-10152383
-6133913
-7732221
9803110
-17967854
-18969147
1429160
13413985
17636943
-7717266
2257450
15598740
-3960337
-28613927
9411448
14267550
5154579
6552288
11884882
-7556331
-9302575
9568771
7939512
-2959664
-5911745
-8796540
-9152499
-6073383
-12682126
-13523723
8094071
-2461093
-2109896
-13408699
-29811886
-6774577
-5390290
11137287
14045608
8628813
-1859460
1455367
-8147207
-21531023
-653563
5326592
-18292419
11548523
2608684
-13619201
-7567846
97094
-169743
-13204326
11567573
-9737857
10742621
6119444
-15978208
18969400
20161020
-16086804
-621190
5369963
347174
4833295
4316922
3461273
727205
-8508634
5464401
-6015910
8860245
2862079
7082724
4125103
-12276523
5828164
7834761
-4432515
4959567
11690729
4341496
-6394247
-4010993
-20078115
-2100157
-886323
-4864347
854758
4382780
6383204
-5823931
6132456
-2433770
-954528
-6069711
10316632
9232327
27741105
-1964258
18823883
701845
2368608
-5388173
-8490730
2672895
-4401607
2891419
19527419
-8684844
-8133181
-4875788
-8406527
-9013732
5643959
-22518877
16743589
-2072400
5822761
-3178739
-2328066
-1523537
3272281
1836714
-2605299
18136881
351291
-2665391
16640770
-13977341
-6925920
-9766182
-7718080
548882
-12376164
-188630
-761776
7075911
-7791434
-8800119
975186
-23092925
-4502845
4504257
-23197280
6515293
12311314
-4027379
10864615
15341630
9703683
1262805
440117
11512139
14794123
12197189
11896383
2996849
-3445801
-1218236
15723256
-3355142
2739813
-3889662
-6836771
-7354689
-5370725
2368295
18041122
6198364
3754081
-2930554
6417735
7874007
14395016
16416696
5401557
2690159
5487406
8535932
-21484322
28945918
-10548849
-18587933
-4940841
-6376991
-4599736
-12268231
-4554363
-750853
16636055
-2768051
-11240063
10444732
-9043353
-17259502
10282802
3691376
2321738
-5564364
-13324252
497231
-3722511
-4233218
19563386
12069342
-7086561
2705497
16154747
10888667
23797299
-2272627
-5410017
-3395187
-2494074
-4554676
-3189596
-8942125
5107399
-5452027
24439553
-7511889
-5408461
11451611
18496131
-12359835
11461705
-8978973
22281726
-18896965
17103503
-6594326
-45999
17363817
-8346989
-639975
12786528
-3028789
-644703
-9082766
11659098
5891010
-1533071
-700477
-1920710
-2973789
22165040
-19109102
-11294537
-7737086
27911609
19146857
2062164
14960187
4990076
-8852594
9108301
-7239534
2489121
1109621
-18684596
4532740
-3726718
14983481
-10601564
4746952
6626065
-9675410
5057396
13841922
-16237089
-1995294
-9940482
774371
9485853
-4445074
-15487569
-12297423
14518675
-7388913
-16215856
10303056
-2759279
-7257416
13623320
-3997684
15313929
-4203379
198814
-756135
-771496
6992737
-3200988
-2522358
-8705160
-2585523
-494898
21380011
-7039384
-3420910
-17322262
-6843333
5885480
-12553714
-8836317
-1888368
-7516748
-7233330
13159934
1573672
5730982
-5562763
-2852426
3537804
-19874457
8722059
17860287
9839053
-4531428
6250023
-2145559
19369751
-6346588
14111858
11606916
13046556
-4998671
-30654263
3455224
7037375
-3297858
-10924245
-25962934
-13870472
-5991937
9896157
-1957376
9116585
-5737848
-7284286
-7894496
-2256838
719028
4882452
-4838359
-3869877
7093665
-8200087
-7850056
5424668
-13376734
2538428
-287111
2349682
2855352
4990135
-7249231
-11747937
4772152
-2306440
-17364824
-10384904
-3013617
10310825
4806300
-30032708
3216563
-2838342
-8441653
-1207257
12699105
-432952
-12373633
9258761
-27739488
4151536
5709034
-1268323
5975491
2762592
-4870914
-2686903
-3007878
-6063346
-5138377
1561088
4056826
-4013786
5177126
-6417276
1235965
7335158
-4276519
-18943708
10052954
-2699896
-1597714
-571529
3357980
-11039053
5748512
-5393728
-1066387
5787582
11658962
9735888
-8333569
10489294
2657682
14004573
-1934225
-1398601
131363
3907588
-2123988
4181226
-3268411
1855082
-16627251
14186836
-935805
-3088302
3316995
9266308
-8102536
12019418
-2513715
-1493525
9295682
-14020143
9157387
5877407
21492289
7254993
6531606
10646233
975948
-1903037
8565711
-3402302
-1993598
4194851
4095937
2661100
-10429290
23790698
1612170
16971243
-3642314
-16622744
6389771
-3636151
2239619
2692366
914123
1837781
-13386472
9649972
-782201
-12595873
2627132
-16837645
465684
-11907557
-10600177
2240038
-2444153
-5326259
12723868
721570
3585509
14033860
-4951572
-6744397
-6831668
2607583
8087545
-6462750
9270276
231416
4989545
15415910
6608932
10543850
-12603015
1583878
-12412144
-2188107
12124702
3053769
4885657
-5193558
-3936204
-5349383
-14764309
-1980826
-18890958
221769
-28092140
4676469
-2148684
5123918
-11420867
-25346179
-10043629
4353956
-3898137
20888742
18958080
12532182
4458446
5323587
5521591
-633725
11491302
6712861
5916687
-13704931
5278994
-1744176
1037432
14224789
7022334
5145907
873798
-2050339
-4944236
-4167008
17372852
-3370098
-1715431
6009725
2875396
453982
-3142723
-17506240
-10714516
6370
6743593
-2262114
-7706903
-5904983
-4837939
1545292
10311393
-11526438
3270072
-5919503
-1876345
7573490
-10358634
-12968710
-6528739
3507414
85346
-2653532
2492545
-12032531
-721505
660265
-8971291
-5146211
1887679
-5590376
-9149274
-15318922
11517929
-23014298
-4828304
-24289737
-8955074
-4615525
8948240
9004767
-258665
-2260768
4001980
8151984
2094828
19287045
-16301291
9628159
10210781
9637043
3783017
1277238
-3659523
14042262
-10081543
11866638
-4636187
3113166
3286883
6909661
-8720834
12174590
15129046
-4282995
12173097
12901636
8737657
4007507
2009172
8401871
9294995
-12506307
18289985
1120025
6843101
17840801
11574296
5641859
-4190470
-4550405
-13469687
24690575
-1893549
765822
5982138
-109350
3720661
4128543
2870575
-13607941
5675049
-4120710
4102793
-23704019
-2629307
9554992
-709408
27793226
3496065
-15445365
20832860
1841985
1056778
18712016
4211462
-6263788
9587139
4725133
-12520142
6314191
1565751
6270937
-4972994
-1600179
-2250669
-8123273
17911714
12231633
-10180076
-8821248
-20321139
-538155
-12033856
-4210512
11975207
17281151
-5715525
1847059
-9769814
-4865537
-3378983
11190725
-1357247
10522832
5843347
-10962314
-15795831
-14497957
-45428
-7701650
2692587
-2447389
14064739
4530962
388346
-4162672
-7846631
12846852
9349948
-11548600
2320394
-4296402
2742374
17146708
1813213
-151358
1941659
4232220
16610962
2129384
2234401
-20202696
-13374561
-17898105
10929230
-16038040
-5699048
-5956761
2591971
2319517
-1012910
-17416521
22860561
-2360104
9169918
9806197
7218364
12635963
7809398
1759960
12786558
10771029
5649157
-8381709
7599111
-10126401
7411318
15979254
4111443
-2772166
8745420
202478
-633630
-143258
22431379
-3193886
14627563
16273207
3344648
-5401713
-3297880
-6501369
10213627
3293023
-10519883
-4539738
2620725
-5653904
-12281755
6099706
427927
10620358
-13192739
6679330
-8005301
-24891578
-7592772
-3005287
7113188
-708143
6405579
-1620858
-578096
-9904007
-13117188
-11278086
-9088147
6175770
5689656
-2115861
3745023
1598060
8680812
733335
-8747622
17449497
-4489698
-4613660
8268550
-17705978
-2470411
9421777
-1219719
1884740
-1806504
-11056043
-21019310
13952379
7499298
5682873
-4371968
-4221407
-1615254
-275479
5732178
4834061
-14000508
-8295556
-4672790
-3459480
8561081
-8200609
-3284086
7539253
-12162089
-10102692
-14415275
20932572
10206765
-15300797
1552034
-13897098
-25164556
7009566
976260
23729933
6937040
-14881954
727116
-14244561
7570962
15898000
-3627713
-2561791
136513
-1114207
13294819
3743886
4006751
2426642
-21339088
4600465
-4801090
-1288973
-8864471
12444535
-450178
-3336421
-3117645
2557174
-17222450
-414503
-11102136
-15376265
5256135
-8877507
-2771367
-819104
1157154
-6811366
-5011460
-11578773
-5615413
3272701
3817009
-10294800
-5083673
18949532
1647251
3453454
6942759
1313056
-4902302
-6401861
7511781
728361
-10174131
-456812
-4386336
-6863340
-12416708
3995469
-4827285
3766564
5234259
7600292
-7228667
-2863588
10835697
-3877853
985926
2797854
-22299215
12265618
10977853
13916080
-20156722
-6831989
13379965
-360163
3508087
17909011
-3783309
8817410
-2573249
-9366061
9463618
-7027645
-11119056
106696
15465257
-222015
2786165
7734389
-2184119
1793910
9182644
-6535847
-1673205
-1409628
10991591
-11671261
26848314
-3506960
-2989304
21271697
-2004341
-2956607
11666269
7915363
-2755787
14455540
3583641
-21361641
-6428539
-5031709
4803889
-14633197
8283214
-20835670
11573911
2684075
811507
8890538
16610689
-7380340
11976799
3577492
4488703
-5085531
-1422244
-6294496
-2802439
4492266
6281857
-799056
-2047294
-9965614
-1218385
-15596284
-3901785
-5987490
-80212
-7681696
-5881753
412836
11326938
-459598
-9034268
3326508
-9746664
9809938
6945979
-14734268
19077702
17253734
-10520622
1349442
1405490
6558567
5296732
-1373189
7922129
7935974
-2835903
-8162273
-1337458
15066115
-10636566
7823521
-2107317
7010123
13626072
11454013
9910464
100297
3945035
-15672263
4448470
633598
7697798
-3361890
2420454
7991675
834577
-11625135
3808819
1151025
6137225
-14405472
2549931
5008189
15575911
3178697
19619510
2431067
2648876
-1844587
7653324
-3225416
12180645
3709271
-889529
13112631
-5995792
-14879998
2368078
-14074754
-6889732
17968703
-1977548
-7016252
5868125
-14246714
15616897
-2450337
2880031
10241152
-13552869
6720745
-3339491
-14883472
1901112
-2038583
6244614
9630101
-682195
266578
-7439618
-4479541
-4505435
-7208054
-25058477
-4812664
5685959
-13263232
2786148
16803370
-3461715
-7202959
-157484
-928179
-8112486
-685331
1250855
-14379440
-3243155
9773820
1344901
-10880760
5006932
5416709
3834392
-303345
8262634
-1444703
-11562766
-7333638
-7073649
6395464
6870937
-3218068
-5720055
1979333
17706599
-1380122
22594447
14787647
-23405790
1276651
4034975
-12652652
11920830
-1877011
18173964
182933
7965453
-89296
-9441511
7729176
3676511
5942046
-1049055
-4256963
873341
-7666929
-7003599
-9068781
12775915
15556734
17804208
-1453682
-9186844
19860815
10978931
4033994
12463795
-4320514
13809312
-1712401
3403207
-9336206
-16476091
2121500
-6832730
-1619753
-5092846
3044378
2521680
7786056
17000289
-2091751
-11385487
31155828
2567609
-22981413
-5888426
-8145267
355244
7342996
2179045
7382958
2241227
-11642038
-4006837
1919905
9677784
15413921
10590105
-18978520
1221727
2067773
-15342462
-3584914
-10082473
8444699
-4885966
14494159
123751
4364329
-111029
6997282
690356
-10120705
4835323
-2955885
-1029981
-4609494
19083056
-1114833
1711726
18566467
-6867687
4547106
919141
563208
15627620
6742050
1460555
-12674441
-10974571
3482006
2988118
-29692022
15965599
-669079
3943170
-3913515
3314028
594009
-58634
5698427
18257601
1517230
-13571841
12031926
19642015
1810289
7750163
3245288
-7685923
2509795
-8418074
-4160345
4433381
-8667527
-11139398
-2231757
-23032400
-701025
-305550
5760247
-8226714
-8412741
14607859
2756181
20956489
-9696152
6876645
-3179207
4356266
-13698705
-16782929
1360503
4760045
17355540
-3514062
-1026002
-11676151
8052042
-12880898
5595926
-830961
4797179
366426
2585225
-7524334
1678024
-8526053
-1616477
-1225802
-4064094
-14885428
2888579
10667438
4006314
2829911
-8726953
-11808353
-4645101
-11546686
-25324914
7636784
2090062
-23222995
5032273
1009529
-7547259
-13304368
-7591450
-3186136
6477322
9226356
-16805643
27993668
23325307
-13959924
19539363
-3084693
7432373
894711
6185348
-3370221
-17836477
6231682
-3038308
2650680
-9073264
-8006685
-10980074
-15375378
-13699583
-18278897
-10848069
-4138750
-11856463
1810715
12398395
-2918001
-5088601
-8524467
1392225
-3984692
11620802
13286676
-9278192
-7621151
-8035869
5358296
-3236934
-8427311
-8480508
1344441
16032578
2973084
-2769665
7743352
1613355
-11697659
3146001
9539363
6783763
17811403
3940807
3300867
-5143524
347409
-4149238
-1537165
3410605
770143
-10360241
5681818
-23064569
6056973
7351718
10216390
-9491618
2033889
-13607130
-3565233
-7013433
3491661
5627020
2134064
7102461
16335834
22309013
7656620
-2209919
-7883766
-1918455
13877122
9303703
11604929
6893263
1562829
10292479
-5304702
4648513
-15354493
-5855968
656125
4025443
6154936
-1450378
-13326534
257073
5000215
-12490793
13868394
19947001
-6437627
6429656
3902563
9995198
-2649106
-6906305
10392043
2247941
-4519563
8933519
1699728
2813526
-1147744
-7590141
-17319450
2129733
-1871530
18049038
8179070
-7702071
6823868
-2304649
-7938913
7518588
7168245
-5882801
1227403
12254217
-10919702
-13870227
-7760805
7301313
-2739517
4409416
7100404
5756389
1697902
8745361
-866993
8146413
5726833
-3425105
-3348031
-12601635
-7525801
-1643471
-11813623
-7108108
-54508
11902149
4441280
7986201
152566
-1394853
-2696230
-3393689
5433235
14660425
1451265
-849199
-4061107
-2064296
-13322623
-22144544
-6209000
17576620
5691364
-1501468
-4732803
9797787
7442869
-8912869
10681827
7701469
-9636136
13844741
9373002
-10616368
7035982
22369783
-8776222
5882959
9301499
-617788
-1756829
4386924
2074639
3286962
-557769
7901735
-9887610
6588749
8227335
-6830550
-4736422
7754014
6845367
-17671710
-880974
-7930669
-983683
12931612
7383058
342478
-1170971
-14900284
6388076
-5547767
-8975876
3275728
-1310229
-16853807
2134950
-12150347
-1285776
-4267224
-9018283
-8636329
-18726987
-1288833
6374629
-4183337
5650999
2551513
22783604
8131971
11401085
19164283
6750848
-2335481
2878329
1268388
-2358693
11409182
-5376984
6187500
4504320
1639718
-1051955
-20105382
-6602197
-8305113
-3534726
-12281681
4089130
4146811
5546348
9905432
-6339840
10157665
-19127590
2904566
3927050
-2352635
4918377
4316195
28207702
-26146276
-32515
2382896
-3661678
-19082333
-22397907
-1173706
-11062148
-11233044
12455474
4445585
7803555
-2251289
-7860753
15041430
13766213
-11885300
9853622
-248801
10614360
11190202
1519656
3020237
9322846
-1218898
-6755861
1776058
1441928
-5902987
-9769103
-16071156
-2737492
16891592
2855038
9254519
-20581569
-6825110
177348
-8294437
-1324614
-7901435
-1286052
-10006511
-4966910
3287192
9058084
-5559672
-3420761
-16318110
-2289669
491128
5193827
-1282768
2995733
-4362269
-6387193
-14407499
2694178
7675101
-13402212
-8039799
-16886038
143776
-1108798
14549064
11180183
-8893214
-22123902
-18388608
-12704280
-48191
4087384
2018687
3833457
-34538026
1946022
-12811217
-28253165
1762257
1524164
17057814
6936937
8136201
17525689
11251304
3725088
-8974700
10190382
-1743670
-2730923
269995
-740786
-18832563
10016727
6451315
-222058
4776716
-5764387
6703980
-16684717
7499305
-15321185
-8048526
-8301023
507543
1617385
-16860163
-41334
17146212
266211
-258039
15936924
541461
21750077
6500056
5728559
3891015
5904363
10735833
2946754
3323840
1800812
-923159
-2290071
-1929903
-6348010
-4703328
1747017
-12872793
3736616
-10653687
5252779
-4703873
28550360
9578668
5521618
-4137131
-3471232
4119308
4953420
-9450449
8837723
-2825081
9357002
17923738
6509442
9846203
507900
2272789
-23813043
-13499001
-29242795
3946651
-23048556
-8347701
8666167
21518980
-4101535
-1373772
19819138
2366840
3544795
24274865
-6608106
1526512
3905807
-3742509
-12184354
-1831702
6846920
26173228
4962668
-12473051
-10076709
88887
5099646
2390399
-21111471
13751635
-16423726
9205469
13079855
-2107127
-5772640
-8066073
-13445738
-15244154
8220320
-9721338
1374935
6356309
3192866
9000688
-413758
1317418
1045563
2294200
3356358
28364848
3672311
5929995
-8396413
17312974
-12553229
-393652
10470154
3882816
6933183
-211203
2184560
10089424
3069284
3199926
11618422
14416112
2718057
6509651
-8009333
7513204
5219696
-418220
-11195452
-6755607
-849323
19042066
12402158
13139101
236187
-20612417
5651496
3216129
7665506
14269484
20023542
1223416
-4472484
7618216
-8635955
-7139128
-368357
-18162511
-5366481
-952620
-11665863
-10759340
-7935232
-8888271
10203058
6375923
3387425
2073042
3208174
-7070021
5843650
-12734342
10781857
-6912544
-7057728
-17679202
-1887854
-429800
16308960
-10064605
-12495208
-7331114
-299998
4137401
-10307008
-11105200
-13996638
3373441
-17979512
1228833
12363841
1006260
8654401
-3338083
-4689412
-5787188
-4238147
-4738405
8249635
-464659
5262843
-4377357
12614289
6784748
7750953
7450307
-6214738
-30853540
2721778
9462784
6220141
-314180
3925916
12873972
12554469
-1237900
9746630
-4418386
8017043
-6680650
4838605
-5844383
-6178175
-2438296
-10350118
18051622
-3637197
-4759476
9283793
-3939396
6215162
-13312324
12908899
-7435670
969999
-12061761
-6769369
1432348
-5952872
1322642
-7823897
4763507
1203186
1073467
3846777
1741255
-7562146
-14477683
5890486
-1807120
12632579
-10190977
-23916919
4221460
-12082074
9448031
-520409
-2768692
7986454
715282
4378857
-365079
583728
-11243467
6030791
4529775
-6365165
23181170
12650545
533595
3106352
8989602
380398
-6045790
3876356
-5958197
2632209
3186650
-11859653
-4656169
-7431045
-2243062
-4864252
3138134
-807739
-12782497
8146274
-19566359
-451547
7199345
14295130
7243748
-5589357
2037107
679641
-4430675
-8710090
14833025
8738735
5587369
2136582
-1258996
-4519248
7236446
6100991
3722405
-1848918
16860362
-13111684
-18697319
204518
5229118
-6349248
-10028314
-7314875
-1245202
-4722714
7257367
-7098560
-2914109
1848824
-14463347
-21513364
9690181
11570740
-2960750
-9661949
-26323166
1081243
6834982
-3485689
-16737372
2391288
5325817
-3262646
-20613979
-16307501
709519
12007338
-13564698
10908767
-8405057
8072858
17271702
8484717
1534799
-17771177
-15546794
7982047
-6491029
-5410673
-6409170
-18767169
-20186201
-6968943
2317228
4510432
-10701464
5552036
-5410868
-7808950
-7151737
-1037721
-5753139
8134984
-16766270
2654036
-3305935
30550473
-8442389
-14482721
-17602863
-11909585
-4636860
48371
-10738909
-18526372
-5155374
5202188
9097610
-193657
-18048340
1030276
7065339
965792
3115631
9366777
7985441
-7462144
-17737464
-2672062
12295151
11784032
1669732
-10680303
-1433517
16229170
-3787174
9159874
5373496
9122186
-2484935
-15235113
1130215
9565590
3545519
5884245
-810511
4570432
3022489
2742645
5991287
14397357
-9621114
-2955086
8642943
6714834
-9648633
2500645
-5167569
864972
11383217
12947693
9899749
6787056
6424464
-13572029
24833721
-2764580
11561964
-3649737
20831213
5183539
-4625490
-1576449
3198418
25844201
16666027
13447348
-1709808
6625962
480909
-8869927
-11147965
-13258299
-25205870
15042101
-2668097
-11128886
1048353
-9054032
-691679
-6354887
-4893956
-16204715
5491530
-778343
5440391
7325835
4348448
-7543618
4574179
-3451178
-7492919
-2334176
10552287
839420
-1019509
5979835
16026066
-9884234
11749734
-8365972
-5179113
17284230
-5676859
-4108702
-3221500
-4841988
-1878741
1429402
-7070917
-672600
4287832
2061052
-18277561
-8822161
-21268753
-2641128
-15530380
-15800695
11687766
-8185267
3432774
-7761107
-2493478
-1431427
-571194
1733980
-4468835
-12035014
3573639
7325177
233884
5378081
6066735
-181047
6136164
-8168067
3354308
1432358
16028738
8256082
1963444
9118500
-13705743
15392382
-10767474
22978345
23635117
12139015
-2303042
18800772
-806100
1183545
753568
-5685301
-5933834
-6702709
887009
832889
-11427098
-13195683
-1347373
-2659052
-7314545
-1291754
-10177308
16973557
-11135454
-11995339
18378286
9895779
1222488
10381372
-11697350
-451219
-4964437
-4015570
7218453
-6307899
12652111
23420747
-3742086
-931602
-21267407
19508871
-2329591
11995784
-879661
-5520436
-18634827
-313142
2900918
9293593
-1308212
-7442447
-1509304
-6126464
-10155625
20803741
6325147
-958805
-13184160
10948127
1085145
5674177
-3985720
6208385
176492
9672284
27722828
-4263928
5029194
12220393
-7757677
-4095677
2189495
-14635606
7181242
-9650118
15278506
-13650689
4174243
-3333986
1843466
-9015838
-6521338
747120
18098584
589484
-4426573
-3562983
-10044631
11293756
-9287678
12022315
-6705173
-13515713
-5367895
18876672
11356675
-11358010
5786049
-15043195
11377658
923436
686695
9373782
2923868
-5731629
-1569260
4797133
-7898301
7215507
-7822255
4157885
13952135
3160211
-21220247
-4095380
586820
-6010636
8417874
4594748
15824000
3502284
-622593
-5398197
9649422
6995687
1045519
3281020
-4090723
7098628
-3449038
-154593
9784308
-4553269
-13759011
639611
1094567
1194754
4686501
13512955
3736687
2859674
-10873774
1491875
-4544713
5327584
737543
-16974682
7275717
3698483
9161208
-3306099
-5084267
-16328836
-3230009
7471307
2662046
9862529
8373338
10414133
-12851252
6244788
-3829101
-647019
4884916
16951013
-8791547
6858523
-14561946
-14274288
9773816
-1557949
-3124431
-12783610
5940812
-4460126
1014877
3382924
-1675662
-12949453
4031096
-11173169
1662930
8300320
5057810
3052627
21581
-612661
3150551
9456626
6243182
-13830058
-16414945
-7087122
-4222362
-5621767
-8021256
-2387514
-3601960
-6374316
12211108
1151982
7764368
10795055
3088458
2357339
4301506
2904601
-84526
482566
1300520
-9397670
804409
4957044
-9390192
7071138
11695718
-29918934
-11414063
9188664
14474596
-1721331
-2140887
12104555
5833389
-8374548
500610
-3946133
-4472688
-733378
-199022
18812893
-32249647
-24277261
11978685
12697541
-6932258
10703290
1100088
8741224
2444626
2972219
3257020
-12712378
-51368
-1869693
-6931737
126162
-16848380
-5075819
-6098587
13259441
-2779218
1990136
4844745
-14887819
11767233
-4247822
-10191715
16273490
14032129
-4749626
7430902
-8728211
1696944
14299568
-14414919
6734548
21520120
-3476700
-2010967
-6577989
-9586428
2012231
-12997315
5379756
6194923
2822987
13381712
4221288
-1118964
5885442
18091505
-8848057
2989066
-2339159
-12483160
5651110
-7640746
18174812
-867860
7960676
-12378349
-10165131
4160504
20938198
-13861254
-2504855
-6886554
-2081055
8833756
-6341673
7815190
-6502601
-9651804
-1173449
-2169385
-239533
3050741
25422277
2664601
-8942820
10155657
18833172
-1339749
-7671348
-15579172
8349036
6035169
8922634
8914066
-7257509
-2620850
8421416
-6996458
13955903
-2816253
-27677305
-2115389
2895053
2392308
5055449
7647667
4166888
-12637316
7253430
2705571
-3043246
-1606374
5194137
13081314
3004469
15129973
-3294232
-1817446
-3763908
1246137
7112905
-3669464
7072480
10468905
6221365
400912
-14281765
-6575691
12747664
1168300
-2719625
-7876830
-912445
8916766
5747658
4603788
-4932371
-2702164
5095428
-15459730
3624046
10834991
8161462
-3992839
5669135
-3632901
-4850280
10793732
-501128
-1283908
-1025604
1475465
874800
1352878
10490818
-3009789
1747220
6510562
-3701091
-4601805
-11099256
-6087315
-2727815
-2050570
12150601
-14021765
-14072557
497584
1228613
12441978
1184141
16289837
5937553
-8559904
-13480344
-11581112
-9065354
2093627
-7509335
-797575
-3021383
-8114862
-6343008
-1655732
4052651
-1298950
13306646
-5546842
-10066158
13533752
7599436
-6166700
5250483
-1733638
4970656
1658905
-8498537
4465439
-1355168
5675630
316302
-5773757
2857843
3950644
12365731
4084627
-3571701
4866063
-1185856
-389084
-8727019
15817127
17910245
-27179024
19663731
1035101
6577065
3852890
831284
-5975299
-5611539
1702761
-11022936
7000876
-11273547
-831129
3380888
17149414
-15119282
-3940450
-5975771
-19816930
9975098
10261112
1531666
-3998202
-3882005
6556585
6283353
6796208
-2770608
-9934860
25300617
-5941611
-924995
-7865699
-14883358
14000019
-9840134
-10641236
-9177254
-1292246
-8308075
11806343
7505664
-7632899
4419098
-7591315
-20690636
-634844
9408220
-4617063
3282717
-3209601
-12124795
16821618
-7666029
-8377873
-17603681
21881953
-371667
-14772686
-8419002
-9874102
2533291
-2012891
8380617
4596714
-45314
-2422518
12550411
243150
9311050
-4481649
-120421
5902606
-8517445
-12923849
-7432746
63974
4387783
9432400
20696399
16715824
-1097021
3761754
-11242865
9178244
12942446
5419908
2010212
8731289
1312987
-1874159
2557213
7352120
-12938157
5928215
-6250305
-14212623
-5195063
-117858
19136679
-8028952
2614288
-16846633
-3836871
-14208479
4059503
2945318
-2305737
3403420
26826413
19983575
8910754
-2001666
5251741
302230
-1502410
3118551
-4662635
-6519475
-6036670
5602612
-2844588
-6093333
13614302
21259463
1451108
10110936
-3979377
-5076870
1589971
-6960906
-6658876
-9781700
5155476
8951337
8524531
9080681
7559866
-8554784
-2807451
-3928880
360638
-6493668
547848
-5459284
15322535
-1568434
21708290
2386935
-2627147
1417970
-2161697
14171353
-222647
14039484
-15610108
16849090
15699215
-23046555
-11626462
-5395109
14045543
-7355194
2824919
6848582
4079111
-130109
-2901370
-8773999
3141202
4384108
5680243
-4821254
-5574467
11934230
7713877
-10445647
-19789673
-24892016
-16243103
-1984000
11123577
28104221
-8061261
3071191
-9561914
-5666224
-5543482
-466470
8124549
18014508
9390118
14527597
1906774
-18636274
-12167655
4635227
-3734648
-860019
-3865567
10044650
14751286
6117869
16151490
-14495258
-14680390
-603333
14502481
20152115
-3709863
13430918
-1795986
16949810
-6382766
-21692398
-9282957
15811928
-1783603
3415157
-13812520
-435123
7662047
-6696515
-2633231
4405094
-2116382
-1402397
-14166349
3128051
2559925
-3972459
-10284893
-3965476
27689514
14713549
-4772672
-3150677
-5508571
-3635536
1179935
-7908122
-16331433
-2124147
18532168
12361686
11954101
-13481187
18346500
-10418824
4080904
-6813280
8025981
6025320
17588402
7150685
-709463
10325914
14677839
-1280387
3805780
5671903
-626628
-2058855
3097774
-8460864
-7782803
-6863583
-6688303
15440989
-4199867
-3165384
-1930745
12874861
7259132
-454150
-15777916
-7234642
-1518494
-7795556
-355163
14509691
8357587
-5751292
-84098
6312391
-2751614
-1459668
13479769
-1935983
-4471335
-1729827
2687786
1589929
-2142378
5415312
-20962486
-4169517
3074417
-1268185
19119706
1384134
2213478
6988450
2038605
5850656
320451
8933663
6584796
13311633
4621141
8952273
-16198089
-29259243
-8857179
-5698070
1365611
11144788
17809728
-6617813
-19589168
233277
-19447725
-4983928
15388865
-23108391
-950253
-5329143
-1753075
730410
7647960
4543148
15041910
-13823424
-15240730
2854552
14060505
4173480
-12820456
4581386
-11052688
-5100152
-1721786
-8411716
14704388
10799912
19956125
1550621
4120822
-186567
-23178719
9347307
-7687558
-1352228
-2124026
831487
14282977
-11461517
-1308975
5118623
-7493995
-9544352
-362244
13304518
-34874
881431
1200920
-8808363
16986814
2626296
-5598281
1086077
-8912943
-2573425
4119978
-287580
17092732
3709997
-3793911
-3511192
3207657
8930294
-7845242
1562794
-6728228
-18768839
-1163018
8436172
-4397566
-42351
-8541761
-21852960
-14583213
-2369312
1187136
21750162
228677
466796
4646045
-23837847
8157127
15290249
-8262708
-5897084
25996570
-8409753
3896912
2681372
12440083
9272328
2297780
-772391
-16030393
-9198507
-1445720
-10948206
-6429447
6003594
-13247423
-3968860
9312439
2219852
-7727720
20162034
7467851
-3455235
-17034172
-6456137
4826632
-2185507
-2555924
388935
-11103852
-5224160
9263723
53269
-1104242
-4883615
7372001
-3329681
-2980041
-1498038
-645580
7107598
-3328779
-1020055
-13781364
-4823504
17547848
-8879454
354027
-7589330
5351208
5242788
-10724148
-5491567
2932862
819780
670102
21985053
6106053
-4343284
-8038730
11736765
-1978981
-6110337
19007525
435358
8084541
12198174
5074829
-9879955
-11577706
-17419499
36554
-418648
1225301
14203823
-7025558
-9810900
6278310
-12419168
-8617496
-1193512
3263987
7191275
-6730280
-33969
-9313187
14792258
1340650
-4663464
3409669
-604388
-5118028
22753685
5847182
-1257693
-5959117
11507850
-1301935
2827054
5942184
-2947207
-7122666
-16085281
-1935626
870652
-9224185
10292168
-8086741
-5914913
-11157220
-7935584
10061661
7484456
231067
-2418994
9013382
3959124
2660969
-137718
5291321
-8810106
-3093319
15892830
1783228
599663
15146476
1714502
-4789982
11489833
-8074043
-7790176
-11982535
12194923
-6253526
-9792308
7787346
-17175603
-1017895
6953514
-1352132
13792135
-9721352
-308590
-4856649
4701684
2636705
-838121
-4239990
9345234
14981228
-1303109
13679238
4433069
-2041211
-7462898
1495672
-766272
6662164
-3450733
5659099
-3026231
-2690910
-5622555
-881153
63213
-3160625
-5468851
-4841172
2760461
-5985995
-1930683
-2216832
-15070142
-21741606
-7290332
4594821
-22085536
-4495665
5031291
3762482
-4520199
-22394128
-3584856
-5177709
9525690
14321857
10929231
15158232
102966
-8544661
-987791
12734607
12431059
-15704959
24251916
-9648932
-6783492
13106111
-15966631
-6484392
-593123
2787043
13010726
1939531
-5437750
-8278293
-4733904
3576201
-853244
4608233
-1885090
-5277738
-3434535
2446260
-11288614
246508
12080918
-6384867
977706
5099491
-1287682
-3208591
-19186391
483582
-273955
18452551
4551969
15606576
-22149409
-4769646
-3569111
3338140
8416236
532501
3252732
3036554
-3928385
-16546767
-21738516
7289170
-19182968
-2127014
-811048
-4815568
-2840501
-1013581
3958957
8398483
-4390198
-11710693
-3493492
-11320674
-1243561
-333501
-707835
-19656123
-12669694
-13575384
4600284
-5089312
-21524160
-15516721
-23962719
-15081607
22699684
686177
10450384
-13236794
4962427
-2270533
-2876274
-5882913
2121284
-1560519
13954343
8327768
5196124
-13309083
-1378044
-8912710
-10316304
1125652
-22894395
-11779902
6832115
-983663
7638073
-8589138
-16288618
-1750809
8484796
2976625
-21618034
11144401
-12562680
-13379873
2650249
-7723906
1476540
-1276148
-231116
10931245
4443584
-13602899
131050
-10516965
3003018
11788803
8134234
-19262606
-8974353
6232392
-12029343
24392636
-1250917
-34163263
-6132156
5599425
1601194
-618121
-7615725
-300733
13522770
-12563086
1553240
-11012263
4261852
-8279514
6531794
892099
-13840990
3428626
4845253
13710182
6205970
-1933530
13234626
21766290
4377825
1254133
22976889
10131797
6288679
-16629279
-13298834
17827725
-6335089
-2962989
23705408
-10228507
6825502
3538666
13077012
6325534
11246819
-6791957
-19604160
758710
9816341
1812827
-5482095
-15929628
-5378395
-3341024
94932
-18594345
-5639843
-4679933
2250658
780359
4760994
7698674
-24224119
6674623
-8295148
-5010208
4475690
-17129024
-13239256
974812
12787687
3383968
-17785931
9516074
8097521
14334818
6035981
-14336448
11003650
9081850
-5293166
-4072912
11427104
-71660
-3044987
1426505
2697135
-3238131
125751
2998129
3952041
181385
-10499361
828452
7814694
8181085
-15889796
5709625
3592139
12607971
-15469598
2854739
13539020
1906414
-6624501
-2102175
-8025612
-7462613
-470716
-1251708
2788905
-6534818
4193665
644003
-4118491
-3951530
7615674
-863321
5803510
-15484991
-2392312
5893232
4089760
2626025
12390652
-5459753
-5438294
-7565173
13375514
14138588
1353004
3979918
-11939156
-1334462
-1026380
29995756
-2889991
-6827183
6328077
8451162
18411030
-2863452
-5392786
73904
-19641126
-791051
-18404080
-3697047
-9782302
-15949075
3528689
-20599859
-19398741
-2374844
-101589
17677179
973157
2491576
6220010
7350898
1949938
-7082068
-942377
4506201
-7400422
-22098434
-12099030
18980623
-864371
-15588859
-9032296
-90548
4029056
-17138417
4586587
-8500151
10056975
-6693841
-2419408
-5563290
-4695946
-3127376
-7714315
-13004077
14328801
-11418697
-2811074
9949209
-8473373
-509211
-4928583
-22328218
12622113
-1938940
-2445735
10638358
18528129
-211950
3257286
-9727312
-6057035
5439094
-6233665
11419043
-6056537
-3292521
2220546
8808537
1702112
16921873
-7163150
7065253
-3826051
10992029
-29100024
-5511603
3895299
2248636
6585952
-1546511
23396577
13689109
-11433582
-9858158
3782068
-7124769
-10381350
17490139
-5222882
4950318
-11453938
878592
7842343
-33442
2221400
2943472
3655118
10820981
8457513
-11287526
3488437
-4770682
-518875
2101379
-12548593
-4154691
-10240126
9541033
-11457375
12083024
7085195
7445706
12770071
-9055180
12767652
30318059
8502752
4287410
5487660
9598023
1579679
-4271322
-12016209
-13389359
17029213
-9992342
-12585204
2816231
2981581
-7429038
-4472420
-11090161
5953517
-2416319
-5110856
9438638
25904630
13847093
-9798530
8926747
2012918
3295576
14901375
-24958246
-13257241
14776820
-23123803
15029139
-8762398
-3615655
12785914
-7125129
9291617
11760184
8651599
-1830143
-2328333
-2040835
7556702
-8624596
5588177
10580463
-293373
2192556
3148804
14657447
8139480
-4131074
-12211772
16042044
-13153863
456382
-4562451
-7672230
3231313
9189390
-14252664
6030253
11605521
-12826476
3120255
923752
-9815434
3934709
-6866096
-4852514
-13003115
-672229
1277279
2869032
15056993
-5325343
9639116
-6165699
-11539458
10525790
80720
-3944506
-450139
-2284212
7008644
495243
-2042977
-24834483
11279107
-12694377
11029495
-5598189
10833740
-5808913
-12982450
-4477476
715229
18863010
15665732
-15038079
12917015
-533502
12592243
16384177
-16922372
-7322635
-291304
-6009446
-7338471
-8259556
-15499509
-9671509
474782
4527618
10302299
-212819
-5023914
13392196
-15039657
4336870
557765
-8962514
-7157370
-3088158
11915303
-2317795
-5751969
-2558792
19313475
6557301
4591926
-897023
-6094233
7126878
11056750
2958402
7500956
-9568683
16456001
453347
4774615
6047690
-2914559
6830039
7648145
11091781
8340935
12150211
3137986
6310927
-4507441
-3115993
-16230170
3214661
10555766
3829817
-11630983
-5563647
-20222717
-4110861
13944125
-4140071
-11435237
18803280
-17712115
2289947
7886417
19890705
-5916682
6495821
-9230480
-5865599
631026
3687339
-142558
3511566
-6775818
14144459
2237655
2678721
-4519985
-13938800
3190860
-8512498
5901374
2168664
-13714221
4244835
-2537275
2943588
-498536
356372
4567787
14996478
-4708719
7701499
2309045
15793395
5915056
-15478562
-4504623
11923656
15977201
303503
-6295764
1165863
-22657281
20121407
16476346
-10295038
-3056935
-3326121
-22410152
-2432882
12818076
8073770
11939351
-5133396
6248494
14789724
713941
3536055
-2201459
13391595
-12795414
8389741
1646726
756244
-21851968
-7332410
-2168791
4579710
740063
-2993050
12456403
-7331016
-5998469
5921777
-3142969
-6152009
-11203729
7817485
2761990
22800032
12809517
4409317
-10956753
19295250
1432479
-3656793
-27708439
7474355
-5491753
-1888140
1186216
11167686
10378805
3462998
1313397
-11918437
14904905
19082541
-15798112
-1650274
-14086836
21026286
11138327
3928496
-12084634
3460119
5161073
-18635860
8522554
-2502243
7238090
2106984
4212558
-10233241
-7668034
2046581
-8228792
-2571660
-8110228
8668678
-19724854
6069517
4467058
1264191
-12794335
-8253149
-3470989
14003108
15595278
1850959
2561263
1586020
475154
2556831
8207811
3881166
-258895
10599983
-2270522
-4426574
-12891842
7797573
6879273
949950
5215448
14511402
-15048407
12030835
10669035
-10098918
-25402849
-2985310
375235
-8879372
-8060141
-9724892
29503915
820295
-9994275
8744372
-6210167
-5628622
2872665
-13488915
3566043
-1345335
-15989800
6019118
8396124
4621029
329940
-17167383
52020
-17579410
-6455917
-8842555
-23399812
22685217
18091771
-21319671
-2483290
3584222
-8269263
-2467091
-8930691
-11828961
3970803
28773269
-3647109
-8409494
-4786138
-645557
19069270
-2025882
-6461701
-1404775
-9237215
8526732
5266407
17443531
-2461633
-3004231
-6986581
17867115
992200
-6779813
-3909051
5655295
18989737
6077963
-1472410
-19016323
3042630
-12034338
-628305
2031842
-3477506
-9752728
-20008130
-4892131
-11164239
-25514581
4373581
7510240
2715204
8891623
-8204913
-4652663
-5059806
-322681
9687926
-10517818
2555433
1357986
290367
-7280158
-2338453
8036783
257519
-287376
1425586
2727617
15393608
5397086
-11281983
860518
-5519494
4546524
10822835
5447230
-4238352
10160647
15170971
5952078
7679283
-7336171
-11433220
13538019
8997994
-1617543
-21224797
-18283264
-14695705
-10732620
-11920806
-1637848
-5239772
3428010
7875141
794571
3676945
-6848042
-229169
-2560759
904761
-14736540
-5904869
482130
2439279
1710507
-4625153
-6103152
6287231
11427087
-9960135
-5312723
-11790079
-22560019
-15569679
7408714
-13419950
11009912
-12927852
16402025
-7834218
-2522804
2765315
4038428
-2539930
-1834726
5866661
31360799
-6547010
8006516
2395814
814751
5780453
1480470
6610223
-1178417
-10287776
-2487155
1957205
12145967
-11995713
-13250925
-6560573
6802092
-14712196
1307268
879048
11975383
-6869686
10227913
-11740377
1919964
5088286
-2418056
-3835215
6541620
6652962
18799267
-4118677
17924714
-327232
-11267087
7590777
-932113
8897748
6702051
3143072
-18393100
-14442860
4412328
-343964
-18168552
12874499
6163348
-1154271
6643440
-2282939
5584422
-1714534
-19453034
10287147
-2219164
7817860
-2568378
-817037
2140214
-2241275
-6847629
-10264971
18975687
-1450082
5686
-4281829
1373798
5721460
5952894
-2758382
-8117134
7376545
6505105
-981528
-4396663
-4693646
-16503824
-865314
-736111
3694555
3439331
16756311
5443212
-8611479
-815052
1872343
-3215662
-3807099
18664044
8083984
8728816
3317636
3860317
-1543112
-5838353
1643212
-19209605
6282771
7690476
-9648524
8435130
-3667726
13321600
-2130731
1359795
10926874
-8448839
-6033690
-28020830
1098247
-6169887
11593400
2702264
6759322
-79060
13496366
36530
-1994053
-4597428
7124495
-12124711
5132822
-9012120
14312885
-5170683
1763163
-21369279
9493993
-2855823
-9094612
8331816
127592
625146
-7183706
935363
-8371795
-9826737
-4076459
-5107208
-4096085
10687971
6307059
4209521
-13792444
6335817
7667175
8978682
3690526
1544882
25400149
-12389731
7045337
7014359
4990237
-10013285
-9800761
-11791951
-7094706
-6978400
4173781
-2606249
2469273
-13310217
6008842
-1748372
3909291
8732246
-5590933
7333952
4889847
-3612773
-3811616
-29341388
-12025232
-8991647
-991896
-8729145
6045978
10892511
-14787240
-7932090
1786099
16725325
10683294
-4428373
18419362
5918617
6648890
7003588
2650353
-1646589
20832914
-5590890
13998498
-12733677
13992476
6307804
17626140
315564
-3566542
-2390763
10955958
-16268924
-22893241
3220984
15273153
625783
-1996653
-1028264
-5245881
3556331
-8536102
-6714428
18801119
-1220222
15394879
-12842625
10518006
-10666265
16680994
-10028838
-631068
-5343251
3704682
2189643
3591334
-2582977
-2543778
-6488000
19064104
13620138
852531
-8835614
5364048
5654493
-3087349
-2518689
638167
2149811
1161389
-12838995
-13866058
8446017
11283487
-17259037
861940
-11101664
9844382
9052441
-18428771
-4903756
-15946666
-12608596
1695700
-31306773
11829036
-13265481
4784055
4979588
-2341398
-4306299
14888248
3850008
-7762805
669873
7578388
-4436590
-1532065
640736
2832187
-7137705
-15504896
-3427142
-2099851
-137216
-6185882
-3545581
-9902426
728791
-3685512
-8602450
9984775
-13524823
-392196
-5927659
-3834677
-3509243
-4362574
-2062904
7401982
-3298857
-98384
2250413
4317757
-5049692
-3131126
-4554845
11360674
1013637
17693505
1483696
4098351
4772267
987110
3408669
2390478
3995666
-5183934
-2605992
-1089319
-3304915
-1273210
12563982
-11619271
-5339310
3629315
-20780542
-1700847
7036148
-9657894
4493956
-5155312
-2724236
1754894
9259639
8495894
6845268
-13108380
-4002674
-1054729
11007507
-7979611
-1697494
7777528
-1430904
-7356737
-269897
-3156800
-2200474
-28078860
11270013
3954438
21963023
-14117705
-3531069
16828921
1879693
2074408
15396977
-3528124
-23101845
5729941
-2511421
6203472
9474340
-3032670
3568760
-9407343
-14310175
-16968786
-16797244
-4392726
-1972650
416993
11633682
-7871018
-2892587
-15274014
-5881218
284944
-16459519
1451408
-4438105
-8728613
-614063
-8982838
228574
7127030
4122800
6584052
744823
18454803
-2246278
4575863
-7711745
-3960784
-6092205
-3314212
-2886406
-441320
2382415
6871350
8458189
-867826
2353829
13849913
-16972510
-2304607
10260550
4958813
-4684712
11724658
-465709
-15495703
-7566086
5762088
-9544295
19277886
-5995389
13627388
-8575363
26654327
4734134
4886798
884251
-2410979
5698657
9132027
-3812037
1589135
-13349647
-2650623
8537164
-9808225
-8113686
-1273218
-3383699
2164560
-1721517
2864461
-23213423
14813867
-13309317
6112898
-6079299
-14587929
-8304121
-1846863
-5410095
-22330120
10209680
1313093
5178542
1802594
2388821
1230207
1526852
-11999778
7483340
6828870
-21278959
5706851
12575189
-3716375
-9630413
-5683730
6018850
1601097
2283249
2073146
4029720
1868580
945988
-6058108
561354
-10897131
-9349658
4530940
-11154311
15424518
-12757545
15101314
-2882406
11003029
20039518
221614
1625040
11907490
-5538690
2274168
4769713
-4956613
-8798494
4183463
16805421
8124158
-4089851
15606454
6854325
-1055128
13507109
4672687
-67493
5320704
10497561
14404755
-13848015
-1753604
5112124
13979925
-12471145
-1122549
-12175234
4214649
-4807268
-3008106
3152974
-5984559
4348864
1227694
10540272
10138422
6244454
9352008
1686697
808428
-14305492
-12572577
-11075872
12234370
-2544466
45115
-19248258
-10669436
2748521
1741745
-10752420
-1502908
6952527
2073350
-7973610
5111897
-2786074
-6424267
3756916
7246357
-3002516
-16580516
3566319
-14438060
3273977
5512495
5190122
18290698
7298353
-5902477
3545707
592132
7698875
-8140476
-1585322
-2702745
-2225710
1025296
4807414
2365319
3181048
-2551469
-2588049
-3158809
5324444
-1153464
6278186
-13130582
-2169499
-2849373
-2034586
5919007
13100927
-11296032
-744714
1946629
7174073
6303206
385052
8476933
-9372853
7026077
-59602
10019267
14123530
1787917
10596315
-3952240
-702399
-4084045
9341839
6814904
-9642391
-1313553
5089442
-1289134
-2480974
9832870
1790089
15487343
-5360822
1004366
-2721871
5810499
-690337
9380668
-5593090
6458248
12405169
8916340
8457490
-3602828
-4705927
7930350
5070697
4623187
2449338
20008308
-6237649
-11832329
392360
-4530576
-10459772
-10186913
-5739414
4111113
-17536479
772073
-7065900
-17219099
15255969
-6339049
-435708
-2487031
10974604
-24301773
-9475704
1975046
-1982326
15507556
10761692
-2389274
-1719376
-7715157
-9610726
-3285532
-3549422
20433475
14707556
-19349033
818451
-6467706
-4879448
3105461
-4002914
9359463
-13113084
1710802
-8234481
-5193611
3409600
-686011
-5369333
1285492
-23331387
2528554
5885074
-6992371
-15866513
-280812
10390654
-2848241
-1541745
5539336
-10048063
1029268
3548333
-13697866
220445
21492679
15285589
-13611426
6368959
6037122
2210954
-18207583
-4908224
-436896
-4803558
2438132
5948792
10635943
-6807066
-3605992
-3258337
11385810
-3384431
4413100
-16546865
1999327
4044302
-6149039
-13032896
-6922172
286510
5322214
4991442
-3958619
-5651458
6388567
7391613
1420614
13238895
1571434
-3750186
3161576
-12985583
-4698392
-6056308
2789804
968436
-5894969
-852136
-23062170
157272
-2957617
8991562
10263554
-16012590
-2222902
5806680
-5184785
3114526
-7892992
6250826
7081358
2236626
6146010
-11896517
4720179
-12369748
-14242416
12510314
-2700999
28391971
18548426
-9096489
-6749704
-2966461
-986877
-3498544
-21752623
-9662972
24413540
-532253
16361156
27797426
-10625756
-3412731
-4253919
-9634364
-9104582
-15399427
3678753
-6213902
5472708
12197837
11201846
1092794
-6921757
1334670
-1851142
3838056
9607663
-3476395
10111445
-1427716
2581317
-3952726
-2580111
2392778
1651948
222885
-20263185
-1049463
-661079
1479195
15151214
-4705481
-1979654
-7772526
8394198
-3217606
8253902
-3285487
-352345
-7112750
-15677813
-4396116
-2742003
6470908
7022754
-19383401
-13179931
-1482266
-5188415
-6407265
5610868
10450859
-1528306
-7934513
-16746303
-1577702
-9212543
7627680
-11796602
-2537971
5282848
9150230
3138686
-3300072
7824599
-11897332
4468647
3722635
-15970068
-2248320
-7904768
-7288129
-12108128
1084568
4994418
15043650
-6252996
12443498
2447090
22708461
3214428
-9726664
-3567662
11995000
5165798
-3614911
4411010
12986036
-1510880
727546
294858
-8735684
-2567794
14282760
564319
-6662822
11782730
-1332211
4932432
4736896
-4658992
12480180
-9948371
582340
5451081
-14888258
1605289
18717856
1767963
-10096089
-14370226
-10429287
-3916725
11936643
2334786
-5972816
-1042539
-5438688
10108907
13220503
-8605905
-2023532
-13994077
-8567346
6881377
-5088796
-8107226
-722651
-4133026
-8948861
14239616
-8311797
-1981317
-8574161
-356256
-1858921
11076247
7997737
5872597
-170423
7459102
687797
-1883142
7363301
15106761
15410924
-5666659
-3327722
-1641013
5615180
-15431765
7600071
2428711
15204910
-9570806
-1459581
-10351707
3731884
-12647770
19314579
16695944
-6520681
22720801
20507983
-6993669
2147890
-3186135
5422852
11650637
18000350
7796115
-9047391
4471103
6176244
-1028578
-14344797
6309236
3035742
-9652512
7660582
3332028
-5628517
-16692067
-10526259
15319916
6849083
-1106729
5299041
2070046
833794
5246172
7617660
-8770281
1759219
3032220
211172
-6076866
7554739
13803886
-1743439
532408
-6095022
-11984977
-1362522
3349368
12621968
666303
8337277
382761
15017030
4649532
-15496103
-13467306
9132887
-12194658
-675833
6205942
1367228
-732206
17118548
4665407
-4633054
950330
3088284
-9197532
-4396398
-6323944
4465088
-5248613
17471614
-2115422
5704609
-3785120
726318
10042859
-2490787
-5433859
3630405
-6353836
4165634
-4958930
1885887
1464460
17766461
-9517693
6226576
-11019167
7604544
-2235589
11188713
-1185053
4374300
-1916263
190319
8691227
9998182
14684953
-4879851
-1716406
6406006
-9688930
-7581127
12740240
18578265
-20095760
5985960
-5753875
-146282
-10931188
1982182
-1048605
-20910183
-2236620
46936
12809866
-1574755
-11680414
-375908
-960109
-2051201
-3309897
-2513783
-1820875
3202207
-13424423
-7120317
27626868
-4929834
8134252
-771187
4239937
3010374
4836988
-11043176
-3756983
2247197
-3591448
242750
-3216718
-11265191
3580972
11466182
3460581
13528810
-8330925
2843924
5513572
6815736
-14683469
8789876
12775614
-5837138
-12856883
-19252062
-1667223
-12398394
-11120536
898297
-20950806
-10126958
6625452
-153610
2730626
-2069338
1744650
13883637
4544649
9987302
-16931061
-2439198
20842199
10374326
12892788
24800395
-2472893
-3594097
7394185
1866112
3638365
8766131
14348931
10396502
-8696260
-10140686
-876917
7652023
-2414224
8874188
-22419774
-5874819
12699254
-10087457
2198917
5982828
-5325396
6687719
-13196289
-11294186
1896815
691603
5698695
3193634
-648446
2650214
8531905
-7707901
-1674652
5773230
-1564935
3528691
11495790
7595081
7138839
-4038536
-851685
-4291479
-6573051
1503287
-1821872
5368483
1714857
6397141
-10609074
-4771616
8544292
10246452
-15505185
9686158
-1625915
-3080061
-1044850
-1916792
1136396
-2852711
2749387
-16410029
12757264
7622254
5205468
836518
395084
14098370
-12721700
6575431
11153756
8059379
-11487462
-12125527
-1974951
-4286595
5298800
-2942524
-14663507
-5130571
-5098137
-12910288
-1587369
157284
-1922330
-2831314
-7356926
-8958038
24141721
4105353
-8001942
7734774
5687598
804491
13435414
8683105
-1304431
-24626521
7729262
7390807
-26697913
-9572483
14856622
1072883
6213192
10674274
-13297830
-17234892
5493590
353008
-433906
-9422748
-2905285
-1175860
8801396
-2858333
-5545717
-15281063
-8454466
5527441
-6738401
5868535
-2559686
7801681
-21662985
8086869
7915129
1125772
7069144
-11805082
2749182
300685
-6334541
-6796533
-21303756
-14824497
3054228
-18364187
-3630880
-17370385
-2130823
8097139
-5305340
-4740126
-10589000
-5686094
2935929
192539
-7399205
2815929
11913601
5279321
19358791
3929232
-8838215
-596072
-2132090
1105525
-2703149
11531434
9401996
5591472
4682092
-1007043
7051814
14937649
5009141
-23806195
-3935873
15534600
-3110171
-20978032
3086502
120508
-6399399
-13443073
4233543
-12433908
4341666
14258146
-5144726
1873621
-6422323
3153492
-13068195
-10454000
7406286
-2023709
7507914
-884267
4232790
643924
2782855
10769282
3383269
-17852522
-6254405
-8804535
13558341
-6709042
-935165
10129636
-4889584
-13980257
4020119
-16463592
193416
1807888
185065
9131173
-20855860
8895210
-1937854
-7803469
-16968611
3540380
-4149600
-698102
7084117
-10656280
928347
-10683730
-2706464
1163826
-5362888
-9639989
8183287
-3553785
8960258
-7307677
-2601430
-7508281
12534378
4018998
1546181
7920329
14207121
-9751833
-2612092
16336517
-963469
4511799
-174454
-27620
-1527009
-2130808
-6739704
-7031389
1307559
23036050
19821615
863780
8311373
-18094722
-413098
-10751049
-4209368
10941657
-2180790
-5519510
12196593
-73098
13830195
-4913965
14953732
-10550840
-4489285
12141290
2140124
-13134541
5972953
9510614
5970368
-7052278
-1663224
-11914122
-3095103
7918722
-1184187
15477251
18036320
11891511
3372010
1049938
-17681368
2776848
-9524811
-5938659
5151272
-70090
5068373
7423232
-2138579
8500289
-5514123
16399960
7890121
-3502178
-5152939
-122245
-11132205
-5202615
-19722337
-762158
1811397
8988816
1107835
2679272
-9441293
-7543306
15769409
12409044
16729092
17459569
5592544
-9641616
-69854
-5648390
-8284508
-4103269
-8033620
-2721735
4248342
-7304972
11074808
7866976
-21904572
1885297
2120213
2805528
-2906151
-1951167
-8146489
-200534
-9324691
5636266
4952783
-1959527
13586312
4589483
3640162
-2912085
-4764853
3701317
5866054
-1349420
8645594
3841473
10037294
-3947691
-10879731
5468900
-3128761
1477294
-7453405
14226580
812646
-20589208
15347673
-4722422
-549654
-1498271
-4137994
14053726
2389954
-5832117
-4999844
-16353728
4241124
-13087173
-11780449
4286362
-2917740
7709099
12714343
8092091
3756950
-2265836
-4654006
4228695
1406151
-14965256
7867322
-11409606
13331325
-9143477
-1114797
7291414
-3417591
-3049710
12603096
-7478244
-12706941
-4958180
-6062386
-5257762
-7648720
3362037
-1132507
-7189011
11756938
-9316726
-8575732
1787671
-6695016
8628297
-4545785
-2795722
4429915
-1151826
8829973
40811
-22234161
-6065642
7202730
4163105
3784090
1405535
-2919147
-7426959
7377813
-3741872
3439545
-2667549
-237698
925468
7076260
-261024
5071653
9643737
20391627
-6556155
10737926
-10739925
-11119258
8027250
-8217687
16651975
-4468251
2203404
11593576
6884655
16363637
7601192
-5810382
9641175
3724448
-15969144
-17976568
6432942
-656449
-1136943
-18181604
20743881
-11530284
-14055922
540150
8159148
-12075829
6227990
-5288936
-33040534
5528066
-6385814
4453042
7074895
-2468427
-8301337
14664880
-7336467
2724187
790035
-193485
-5346985
-1325781
-24121846
-13508432
-3092877
11692058
8895820
-909726
-14878013
-15341742
761762
-19789892
-11211064
-865232
-773955
10284488
4943902
-5641194
-13727548
775443
6132465
374242
-3784192
22807225
-2744861
21727323
237175
7041287
-9558188
5114805
-9798097
-19386433
2820419
-3181186
4609383
16628048
-18553698
-4874810
-18800500
-27048802
-1153866
10954983
24838
870470
-5874584
-24507433
8475742
7427933
4034847
-4981680
6534191
-4698500
-10554865
-639517
3422551
-2233734
-22628738
2404462
-7770426
10341932
-3726145
728195
-1116910
2020183
-16576741
7840636
-9288122
829833
-10277297
6606689
13187848
27913356
-3318561
-13168264
8392079
14169548
3873049
87235
13004355
-5793855
-1842511
2736764
23321555
-7332666
10099543
-17333572
16594
9198424
-9745405
-22597264
13313506
1660818
-7831905
-14020783
2817934
15257654
-1161723
24525342
-8011035
3915249
-5936479
-13895377
19229041
19626760
-5894392
-3867005
-10542715
-5001432
-5599116
-3423334
4996829
9662139
11411078
559144
-10465655
-8660125
7088291
17565532
-28162495
13614617
-2648901
14284126
-2392968
19466497
9779875
2000768
-2805820
3185889
7030187
-21397385
-12448858
-5931900
-23898197
-10932567
-14908692
-14515106
12443216
-367289
13240316
-1631954
18781451
6241417
12198806
2877474
3647187
2272504
-993436
-14498910
4976152
5431643
-4493020
-22108632
24298712
2827915
-165925
11680672
-2461435
21861149
-4363474
-5040994
7401068
6678256
14209278
4113875
8138031
2560047
-10825987
-4910298
-1828282
5454990
-10691304
2913143
-13465629
10077688
9447790
-4079383
8941699
14126715
6404539
5662513
-10719465
-1782416
1880050
-1177909
-23613942
-1363114
2553211
-8887312
7180002
3299226
-7869691
154632
6686380
452668
1792462
1954150
11209036
15345810
25698089
-1444707
9561828
-173825
4069835
-1073542
-2441440
-5080316
-10838800
9248126
-922428
-1826987
6683561
-2010419
1411194
-9503971
-1174490
-3805336
-4665591
5767088
-5313862
-10134806
-6727458
-8070258
-3141994
-4676820
632718
4544893
9575243
-527151
1112151
2429711
27832961
3760687
-5870927
6442501
16586490
9669007
2214285
-997806
508856
7428082
2345930
-94521
13113641
2998246
-12146313
10675038
1596061
-11959832
8598364
-492524
-19961011
7777538
14040488
-2796623
-554434
-6133023
3465618
-20333926
-6641753
13547859
-3053135
-2551240
-3278602
-7690497
5395937
20888190
-7534056
-5260858
-5323919
-19214621
-5972368
9287508
18518920
10042655
4124681
2020212
-15343374
11813483
-4229351
-2006217
-1282949
-6924794
-5623945
-5455624
-293014
237974
-7430153
6181074
3539243
-8364996
8199904
6843332
9203387
-4657143
-1612582
-19486637
380464
-12923096
-9912655
-771135
7522740
3135236
-995399
-5972535
-6540961
-7594342
1090954
4311616
16433412
-8840165
11647258
9138631
6419088
-2957503
221767
-3163907
-19624518
7307517
-809807
3024930
4818810
7403335
692106
-2607183
-534438
-1643428
-9711088
7109764
10811631
-9729122
-4306134
-11523110
6047213
-13645134
10999415
5170587
7438972
14608568
-4624006
-3962705
9263388
18452484
-2027120
5410
-2875285
10268767
-10881951
11730257
7149972
-6148096
-3739932
-6110375
-3267674
-5381388
11521324
1693641
6858200
-11768484
-14759950
-9419925
3857141
-10613319
6811006
-12058420
-6338798
-7039771
-6421323
-1199404
754875
-14588172
2820498
870346
10295446
-7014886
847943
13431030
-13435866
1626554
-2925392
-5771249
2255742
6310904
4697178
-7752710
-637044
6956661
4766457
4315915
-9443689
-6524383
1373964
-3590856
-11666864
1646715
5107596
1272620
18244574
24792926
-2639718
6236854
4870263
2843344
-14272263
2505640
6373500
-13334015
6126699
6523238
6868123
16826923
-4677170
2459960
1802813
1481891
2318269
10632071
-10772685
-1151373
7571356
-1986240
-4738864
3313867
-63912
4487417
-13018018
-1891586
12648596
-17859692
11638488
12345979
-9356939
10329885
14389040
3499765
-1763768
5640912
6121085
7080873
2382651
2979179
10143288
2052761
-6854861
5239114
-14861226
8158830
1232272
-15493410
-37485
-1396174
9142869
-12110394
2598847
-3995067
452098
14940508
-3759253
-2052287
11152805
-6406872
6299125
5669801
11016796
-7408863
-2812558
8666137
-4217774
1326836
323908
8229310
4657927
5265878
1753854
26746
6975321
5407530
-4115004
-527557
-7559577
-4316047
13205624
10115570
822146
-7383389
9174636
4505044
984676
-9114110
-2786837
4814433
1332705
3853401
-8498182
1158718
4822027
-1685199
-10940885
-7684223
10385813
-6091133
7709375
15923112
2298464
-5336885
74912
-4438435
-17137148
-6743036
7020220
-9221878
-14583144
-5068475
-2011499
-3275932
23818755
2941262
-2234635
4772322
13984892
11158245
-2475558
-5912153
-2593284
5838472
2762152
12231927
-8163717
19171585
-5876166
7457044
-3288600
3342511
-14813993
-5183758
-7530718
17793550
-14902452
-7884016
4749306
2344009
-732504
-4644154
7544213
20771043
4475497
6343404
13817850
-12952066
7619953
-16274397
6128361
-9347125
-11327410
-1015454
-10772905
-7055895
-6929903
1375835
-15293240
3565981
3020402
14081232
5767583
1891112
-3917424
-4897847
-30622924
381665
13001612
7903640
-17407453
16355727
2568629
-8482377
1057087
7213599
-5321340
11923537
-558081
-439757
12163535
12622189
12205826
-3211266
-12473893
3198975
6290365
-569052
5521293
6792109
7973596
5402420
17967758
-4054817
14124815
-10753484
14813549
3638940
-6310022
-406306
6876517
351386
-9122848
-13416839
5189608
-6308313
-10331786
-8298267
6797136
22697549
-3215744
10725699
13000803
5091901
17278775
8488287
10000749
-1632512
-21345231
-2477090
-377034
794208
-1082617
10292462
9961345
7883199
8577963
-9501288
-494289
-7228400
-3509535
10253910
2620133
18394326
1520376
14222186
-4512011
22879346
13229234
2044238
10135227
12383735
-15124499
-5506549
-5115802
20041526
-5398801
11998112
17616206
7536949
945318
1149307
11131779
-5982459
-342052
2921732
-9535814
6632220
23270702
1915235
-2540099
-26930542
-6445810
-2828173
-2722065
-4226054
-5888855
6355928
21911199
-1102580
-7953789
-13819949
-3635348
-3724197
-4648680
2383037
3449144
10826067
-9433052
24014785
-6827423
-7592652
-4863292
4259105
3953491
2170181
-10597759
-1143151
-7100268
8045807
-3977479
-16048514
-7314247
8911505
-1302354
14930999
7153334
-926297
-1839111
9397979
13910527
3884203
-2600672
10186484
-5293599
1251250
3915462
8984075
9216257
13208188
-5917116
2692627
3739287
9024447
3092588
2863190
9121457
20543913
3029517
-2230832
-3358465
8041740
12848689
-14537774
2655181
1146941
516701
4432455
-5249242
5032875
-6948077
14424403
3017016
9877204
-6656590
-6829989
492742
-10850528
2334122
1728573
-5866112
-13022912
714791
893339
6594805
-7797831
4619651
-5306005
7621838
1577337
-67348
-7605563
-9925101
12905217
8093391
-26340514
-32087426
-380362
22770436
1610475
-566557
6629381
3340873
1693759
-3308404
-16332890
-3028158
-16211984
-4683314
-6778457
-2144534
2752770
-7735603
222051
19281365
24724199
-16177025
-10190168
-10464713
2066432
-371908
12758557
6426086
104442
-21252938
-2577492
4673907
3290841
-1844646
-5256323
-574490
9883633
-4473042
9622418
-3278937
-1844867
9317201
-3773068
-654850
-4031958
13640661
9386714
-8459289
-1017785
-6700137
5593408
5003410
-11018651
-956277
-2816354
-377596
2801660
-545917
3343250
-3722369
-7054545
-10746058
-15499730
17644553
3324297
-12962357
-377534
-15333336
5931912
13079901
5591344
-12404994
14945361
-20265702
3459789
9885056
-2652824
-5930216
-3281068
-300913
-6695871
-1255085
13834443
8088816
16711703
-10653967
-5595445
-2067158
7764795
6492020
-2740145
1485478
6895767
-6767903
7126784
-616504
-4198963
-332185
-7671276
-13285828
5271060
-5229403
-5259603
7049340
-3502052
6482940
1155563
8337977
-7070379
-7653439
-4162234
19617970
3403893
1611299
20707700
1322637
-506396
-1174891
21084950
4085270
5608447
3713811
16449869
14143258
-11359339
3406997
-1732288
-17518862
-367973
-5270591
-4460033
15649009
-9423146
10888103
-939663
1383082
13072038
9789419
8083833
-380990
-12789268
10781308
1135141
9116470
1346917
10611874
-3810287
-3048856
-13968493
2874503
245389
-972703
5023882
-17956674
-12582828
-1755209
-13561191
-398610
6683761
-3121418
476492
1979207
-1660524
7518980
2873734
3430949
-14528747
10971925
-13554663
-7525888
12783477
-14137710
-3726414
-5253395
-21146576
-351491
7333675
-4441408
-2283078
-488007
11308673
-7483201
3107211
-4537305
-13382248
-3708329
-14244971
-12205144
-9237360
-2122370
-7741563
-8550527
-9129171
863504
723857
-3974186
9451954
-552879
2185595
11864871
-2872351
11736806
10710875
6402997
-121295
4525224
20210790
856465
11167991
5549220
-7217392
-17327220
-21311174
741948
-5233248
6373452
-1807605
4510914
12847680
-2469679
-16736497
8801020
18733310
-310457
-5491997
13430880
-166993
-9098588
-9728277
-7968936
-8019682
23427725
12770298
13251888
12724362
4146543
-11932337
12939604
-4315763
-6070843
-28481484
7500923
5520213
-11603848
-19337274
-1748148
766716
-6765665
4452075
-9750504
8991946
189768
-11896420
-3754565
-2400641
-2447780
-16709964
-12602579
-612311
-3293895
6785353
-9187286
22073443
8468279
1370299
14194153
-5012113
15871673
2158137
5980725
-12259747
-5623372
-3620737
-3219531
10997101
-9824881
-1048158
1110821
1321789
-3425586
9816586
8002593
546948
13022943
15386406
9480905
-5302133
-22666048
13857118
5940086
306930
3238839
7193398
-12846178
6703108
9380463
9224784
6467872
2724942
-12968792
-3544081
14247373
