3778486
5099541
-4133863
-6722461
2312938
2363805
394871
-5741776
-3793409
-10870987
-1168592
4729671
-8028300
3898956
1116530
5979180
-3278762
-12765456
3651396
-4415033
-11569227
-3350083
702298
-3156015
-10094145
-2044509
-922336
472947
-16173624
1364779
5356678
-1936809
838265
-5504290
4788562
-12405580
-6831020
3667590
2763399
-2820085
1475565
7753356
-6816053
-5225978
-3907666
6645095
-4398804
-2575219
-3443754
-553350
4079936
1871536
5959999
-940825
-14491971
-6139976
-4648532
2323023
-2888504
-8154105
5953384
6227569
5818457
19072914
8782159
-4924198
-7276642
5659657
1690870
-1476832
699028
5417075
9067879
9644040
-2819127
-10812893
204505
-7479927
-4146343
-5886242
6218371
102455
-11246597
-7300695
14640699
1924634
8552841
-7271240
-6388556
1056901
-2763667
-285450
1918920
-3023341
-7362445
6735349
657525
2422486
8536910
-2375776
-2699404
1232202
-2283849
41495
-817069
-7078370
5374962
-7569276
6918076
354657
-6889941
-5226961
-10508356
2806325
4048837
10039113
-807910
2092151
-5457243
10435518
6461018
1267453
1191774
3618112
3792717
7558261
931629
-7699620
-969807
147567
-787944
-2623755
1497143
-1509046
1093283
13529106
-14962625
989768
6484077
-1472978
-5472136
2457928
-6350386
-10351313
-1492143
851841
-7838827
1955439
-780560
4455603
-8597857
-310388
-2872367
-989990
-8249001
10272499
-3025219
191268
-10478686
-11907399
-3422369
9943113
3668670
8444080
2187057
1573393
3482991
-6833323
9925904
-2971021
-2252200
-3347110
-2637705
718405
310464
-10416718
-6567096
-13693462
952922
-5337009
2804996
7150952
-631183
-3370814
-3235985
-7421955
7575873
-10732185
-821697
2125724
-4875342
-8093189
-7599065
5039486
-9647294
-3779551
-2072919
5838275
-4933939
-6392437
-1850608
-3949307
7482659
10430233
-15077715
-4801424
5968755
2150534
5504732
14175653
-3620012
5673422
-694825
787589
-4434138
1078706
2285769
9149348
6972656
4998890
-2458904
-4694880
3561970
-3838033
2362746
-8095077
-689181
31125
4738148
-9647256
2225024
14371305
2305062
-8889170
-10627548
-5264046
-2467855
9604824
-2816404
-4525441
4122260
1066271
-921587
831269
859942
-13681102
-7979997
3022232
-6415762
13997247
-13157804
5042958
1624293
-5638976
-6892384
316144
1722373
-2058227
10366163
4121447
-414572
1476602
12657024
-1471133
-4158992
11408590
-801900
7560893
1163111
-4267124
13287914
-9911858
11058160
-150580
5996638
6166784
-4057602
10576790
5591453
9099561
5549691
-7672661
7514043
804134
-4878019
5837480
7366758
4306375
-6385986
9401567
10145837
3699559
8103836
-3294889
-2019747
9532296
-15107423
6031794
4613892
5590742
528568
-16005711
2486940
-2916601
7663675
-10562786
7843169
-11532449
3274127
-12923643
193864
-4912807
11107047
9748226
4238176
-2485032
-7699903
7369325
-234103
-1949727
2879222
-4523779
3802435
-5054487
-1649940
2387208
1400886
582025
-4411181
7906915
6529125
2781436
3016883
-2181625
2708443
8108495
-11471241
12516706
-578459
2735647
1144404
210094
35531
6648024
-2201088
11094329
1408206
17158805
-14687765
14414091
8303732
-10125057
3603315
2987594
-3124114
1345015
-8527063
7559480
-4142697
3968252
-7148300
-2686812
-2898466
-5957778
-3062072
1179485
-1216016
-7853716
-6274736
4529926
-3604724
-9308185
-5671497
8176014
-514911
-5882173
7042813
3191864
-3057682
-4415077
-6384041
-4190469
8485551
3701806
-5358225
-6251901
1005689
5388599
-9824532
7653892
8377448
7769162
-8443521
8080877
-10058137
5568726
12840739
-4780816
-8036841
3645859
9747171
-5098878
-12455260
-6422826
-8625240
-8595129
760586
109935
1863210
-5288170
4879886
1781191
7868720
-2401641
-9467154
2553221
6976472
8165779
4174676
-10113889
-6307985
1780678
-7014140
-10160794
1673253
1766705
3377915
3914784
-10747913
-1752714
6640433
9577067
6399419
-2530465
-7291243
12228593
-2328857
-8133693
2593699
-14429594
11096897
-5120881
1550485
-823993
-5377828
-1584771
5803042
6751059
3108498
-8461995
-4521426
-9255060
-6358956
-3789133
3332331
-4905275
7280188
3244000
11269127
4364461
12252000
-341603
-4204622
-630162
2481682
17856809
1165386
-3504265
-4630517
2495631
-205304
-10109234
3306493
-8546248
6762736
1932118
5373028
3102138
2012170
1430450
-3984271
3488960
7319478
-596453
-2312184
-3706421
-3606741
-7618545
-7090262
2442670
-14022571
6090222
2925599
1235150
4512625
-4545048
836349
10394556
-8259542
-5339940
-1844250
-3986689
2020220
-2716084
-8684387
-4783208
-3755916
-1164819
-1720035
6694737
6504377
-8749966
1192229
3515879
-5370731
5342376
5829493
-5501613
-4708119
-11727231
-3900456
-2345400
-6728525
-4120115
-880156
-3128823
-4729722
-2031566
7373531
-7661609
4786408
-5662079
11620855
-836349
5816498
1023396
1280994
-932836
1816784
-1592346
-17733421
10094314
4748543
-11611454
-13079260
4234947
4663264
5808714
-1978755
-125446
2989303
239886
939298
4677179
3616131
5725120
3641277
5995924
1222423
-2446133
-6109122
-243488
-6918919
-8401537
7806110
6572973
4054926
-34228
-6185201
-7250578
-1494184
-1444351
3618722
-1416286
-4129004
763310
-4491685
-5831621
3129791
-6818090
5976629
-737418
-249541
-2225285
-1268428
1654567
10870142
-1707109
-3234659
-5927062
21376676
-4902205
11950713
-6328345
6257887
5398324
-7641785
-12261615
174375
3492503
548771
8779742
-9383136
10370340
-7656654
-9220506
601147
-3180193
807513
528468
4447338
-1833578
-1526841
-1789428
62970
-936943
-71174
-1077573
97442
5791766
-4460980
5317126
-616055
-1968655
36161
-4222074
4425016
5412246
-4840891
8525189
6039323
-6881673
1938451
-8381359
-1013769
-7368774
540807
3856081
11942965
6920125
1702145
13801446
-6579719
1993917
-4108496
6433342
3418325
3890324
-3075861
-7810236
-3154039
1096800
7552984
13590441
4967283
-3304979
1567035
3250243
6361301
-11272471
5923892
-289518
-5325912
-5434946
95013
40576
4681585
558444
5169696
-1564153
14935691
-3847102
-5269332
3996535
2582342
-9998971
14520776
4082242
-55395
1149484
2229701
-11983427
6041549
-14402950
-11551432
-3745607
-7339304
-2828539
4153708
-6440368
261316
8824651
-2661751
4867950
-1526037
10701446
-696679
-483690
-4917341
4982806
-7212818
1260956
-1537630
-9828609
9087781
1848554
1879410
-4666253
1396316
-3647957
1085444
1090867
2784968
11419209
3470406
4313270
17560084
-2640221
-3602537
1886492
-6204498
-1014873
-2557213
14136942
1307037
-2090070
-2216508
6815864
4773779
2970279
-13203752
362157
5007750
-2586194
8522918
-3629401
6720406
7639273
-924045
-5966986
11313463
11279273
816119
-3405017
2775276
-8157721
-4216233
-1004349
8075409
2944541
-9685341
414919
8553873
7042771
-7283355
386920
7276917
-783709
-315248
-11858282
6482316
-4467333
408630
351333
-3512217
-14017059
289813
2699565
-1203956
1048191
9200390
-2261557
1214847
4173636
6612594
4900171
-2879037
3772450
9724384
-2786303
8235223
5754381
5152558
5165308
9528547
-9845460
-10277481
-13274175
-3782722
5272272
4495603
-2054191
5930462
3842749
-8891759
-984609
-9182165
4588820
4955107
-2197728
-1127346
-2982427
-2981724
-10096900
4838096
-6940711
-6413713
-489254
842692
-2443477
-6222195
9941291
-4706492
5631583
6146962
-5503624
10317024
2952281
920396
-450739
6364875
-7538933
8020238
-9197367
7752320
-3089214
-9872000
-3795627
-2930129
2817462
-1492649
5109284
-1654687
10194399
-2982683
10950694
11524996
-9691299
5886164
-803934
-369095
-2871196
-1103630
-2845960
-8534428
209298
-146619
-3593541
3557513
-13956262
-742837
5864272
6505978
4037990
4977390
-5902162
4430128
316598
3840099
5301087
-9648042
4616412
11955995
-4790679
9665677
-8048977
-3971277
-865620
-5838235
287457
9702887
8064904
-892857
-8946974
-337914
6325793
-220242
-5365973
-6296959
3097137
6243218
3577886
2348087
-5520193
2242894
-1670220
5495099
1315069
-6468897
-1420316
-6841491
3275224
-5671876
-886972
-610392
-755390
1389971
882974
5607081
-755463
-1398774
17726424
-1374650
4100406
3984973
8448513
-2755207
2751305
11921221
-658520
-1374969
5732592
3035874
326889
780875
-6663444
-7544649
10460401
7005138
-9488036
1215453
-1669224
3521112
418343
1347794
-3125889
-2981007
-4243805
-8093089
-4029043
6652092
497021
318197
6890201
5131352
2249515
-5335362
196373
-6401862
1200009
-3327868
7733733
-5254274
-1768742
2159106
132254
-2592751
-947911
-3208806
2510854
3218878
1620707
-1336626
5270367
3048383
1462100
-3362355
6685215
-10864593
-10886573
10300456
8926643
-9078107
-10839946
9050933
-7837199
950917
4438829
-4476749
-714163
1709377
4518573
2043227
8899623
-1877717
-1954427
-4093858
796984
-182071
3238532
4047760
-10121793
2563281
-7639054
10428754
1899667
-1232523
-2999205
472445
2581087
1429563
-6997369
-5516733
1961321
-194974
-3668468
-2241303
-7133646
-108403
4557898
