100
3 28 42 92 152 381 448 545 648 701 947 1094 1225 1452 1869 2192 2256 2360 2462 2790 2935 2975 3083 3106 3444 3655 4573 4663 4928 4946
4 46 96 161 313 458 535 656 684 887 982 1124 1130 1264 1541 1617 1721 1767 1860 1939 2292 2469 2499 2554 2669 2868 3161 3226 3260 3267 3283 3427 3428 3541 3629 3697 3707 3981 4148 4237 4256 4292 4344 4347 4474 4752 4753 4800
5 101 53 140 250 301 323 413 432 460 463 466 562 587 644 649 686 898 921 938 994 1023 1069 1179 1181 1229 1280 1321 1387 1425 1508 1520 1567 1572 1609 1620 1632 1680 1698 1769 1876 1907 1931 1975 1989 2003 2106 2126 2302 2304 2309 2314 2356 2446 2572 2634 2687 2693 2700 2712 2735 2786 2792 2843 2847 2871 2932 2933 2956 2973 3001 3012 3157 3196 3198 3323 3358 3364 3440 3522 3653 3682 3691 3693 3885 3960 3990 4022 4034 4037 4057 4067 4131 4350 4383 4453 4718 4724 4822 4924 4948 4971 4974
6 118 76 176 189 194 199 224 349 366 395 437 476 512 516 575 579 654 707 785 813 853 864 977 1007 1014 1024 1141 1151 1167 1244 1245 1288 1354 1505 1517 1594 1635 1789 1832 1897 1905 1910 2000 2005 2159 2163 2187 2227 2231 2300 2316 2332 2431 2478 2542 2588 2625 2646 2656 2701 2811 2873 2879 2886 2913 2982 2997 2998 3017 3027 3028 3102 3118 3123 3138 3170 3186 3202 3233 3254 3255 3297 3320 3350 3424 3463 3557 3577 3609 3642 3690 3695 3731 3745 3752 3865 3879 3880 3941 3947 3949 3958 3961 3962 4031 4264 4269 4270 4296 4398 4414 4431 4459 4508 4519 4698 4702 4773 4782
7 62 200 212 231 365 433 664 696 940 952 1219 1287 1361 1375 1426 1496 1704 1786 1796 1808 1830 1849 1945 1958 2050 2283 2389 2619 2709 2848 2890 2914 3115 3141 3180 3269 3270 3397 3422 3430 3558 3583 3645 3830 3837 3844 3938 3971 3994 4070 4090 4242 4304 4314 4342 4346 4382 4411 4696 4750 4841 4843 4851
9 52 37 47 196 269 318 379 429 618 631 923 966 1089 1150 1227 1284 1333 1513 1851 1899 1902 1964 2063 2295 2317 2422 2574 2603 2640 2652 2793 2854 2947 2980 3055 3239 3279 3304 3604 3605 3669 3842 3910 4147 4321 4367 4433 4547 4614 4675 4686 4756 4836
11 26 104 206 229 331 801 881 1010 1286 1741 1871 3019 3037 3204 3220 3346 3677 3835 4055 4107 4408 4610 4628 4660 4699 4895 4994
12 22 102 586 589 1297 1307 2109 2291 2724 2968 2985 3147 3446 3633 3715 3928 4059 4192 4359 4625 4732 4816 4930
13 149 3 20 22 44 73 75 87 151 154 158 167 173 256 298 302 307 417 421 454 503 510 673 676 681 700 725 735 786 818 826 863 893 996 1037 1099 1112 1142 1200 1299 1379 1471 1540 1593 1624 1646 1648 1652 1773 1776 1780 1790 1889 1919 1937 2127 2132 2164 2181 2204 2206 2232 2236 2288 2299 2308 2324 2336 2340 2362 2427 2497 2503 2507 2533 2547 2573 2575 2613 2621 2627 2630 2635 2638 2644 2721 2781 2801 2802 2805 2892 2898 2915 2936 2948 2959 2991 3010 3078 3136 3156 3201 3241 3278 3326 3365 3411 3520 3524 3628 3673 3698 3775 3803 3845 3852 3888 3897 3926 4016 4021 4127 4145 4185 4218 4231 4241 4297 4337 4339 4465 4517 4567 4597 4641 4642 4643 4670 4703 4742 4803 4805 4847 4852 4880 4903 4921 4933 4934 4943
14 63 128 251 254 326 335 355 398 473 480 539 1205 1212 1263 1383 1409 1417 1441 1467 1571 1671 1682 1744 1878 1896 1909 1995 2175 2177 2213 2242 2254 2508 2546 2649 2698 2837 2870 2896 3176 3211 3237 3264 3434 3472 3572 3611 3683 3722 3725 3820 3843 4010 4128 4141 4202 4452 4493 4530 4543 4637 4654 4744 4745
17 19 303 744 1312 1512 1850 2355 2825 3312 3487 3513 4001 4114 4117 4294 4479 4545 4591 4615 4796
18 25 124 249 253 549 551 777 790 834 866 1326 1327 1501 1585 1900 1920 2561 2584 3117 3124 3203 4133 4151 4525 4810 4869
20 19 278 1178 1215 1478 1936 1971 2066 2072 2103 2264 2567 2729 3148 3245 3527 3742 3817 4229 4993
25 48 183 185 210 391 514 653 806 867 945 1086 1242 1275 1371 1430 1469 1472 1528 1574 1602 1639 1694 1818 1987 2023 2151 2208 2381 2441 2448 2482 2641 2666 2727 3032 3212 3435 3468 3851 3877 4168 4179 4230 4341 4428 4480 4521 4656 4840
29 25 78 110 265 319 548 607 907 1156 1166 1557 1677 1901 2033 2099 2270 2763 3018 3458 3568 3570 3758 3765 3859 4399 4858
31 200 0 1 139 277 285 292 352 415 477 484 506 511 529 538 594 609 616 651 677 717 724 739 771 776 854 855 859 862 906 922 939 941 964 1001 1003 1073 1078 1080 1102 1121 1132 1160 1162 1187 1257 1259 1261 1277 1331 1336 1337 1338 1405 1424 1435 1439 1447 1466 1509 1532 1538 1545 1560 1579 1583 1588 1599 1634 1674 1696 1699 1754 1777 1794 1795 1804 1857 1898 1911 1959 1998 2027 2028 2102 2141 2152 2246 2276 2312 2318 2330 2353 2361 2394 2401 2417 2428 2523 2537 2539 2555 2571 2585 2597 2609 2647 2662 2714 2730 2738 2777 2787 2794 2844 2880 2893 2907 2942 2995 3014 3046 3058 3097 3169 3193 3236 3276 3333 3342 3352 3354 3382 3407 3409 3432 3450 3456 3466 3470 3476 3500 3516 3537 3562 3601 3620 3636 3637 3694 3720 3730 3805 3818 3907 3917 3921 3924 3933 3967 3977 3984 4007 4015 4028 4038 4039 4061 4086 4210 4227 4276 4315 4330 4349 4396 4421 4427 4437 4445 4456 4498 4538 4579 4580 4588 4677 4731 4733 4771 4795 4837 4846 4857 4863 4865 4885 4900 4907 4969 4990
32 29 114 266 447 515 658 767 933 1272 1537 1663 1802 1824 2430 2671 2673 2778 2944 3116 3316 3678 3712 3936 4004 4032 4115 4226 4320 4423 4646
33 16 246 257 600 734 877 1013 1862 2086 2105 2250 2453 2827 2971 3573 3811 4792
34 113 2 54 260 325 342 370 372 394 416 418 424 461 541 605 650 670 671 679 720 721 764 812 821 888 925 936 999 1064 1090 1111 1139 1149 1159 1291 1300 1363 1381 1386 1388 1432 1503 1526 1534 1592 1755 1838 1847 1886 1980 2117 2226 2289 2463 2472 2495 2521 2578 2591 2622 2624 2686 2688 2725 2769 2812 2917 2986 3039 3119 3172 3319 3356 3390 3496 3543 3555 3580 3656 3660 3777 3790 3911 3948 4025 4044 4150 4158 4193 4236 4250 4308 4327 4363 4404 4430 4458 4499 4505 4533 4557 4564 4571 4577 4601 4626 4684 4690 4708 4726 4772 4918 4926 4973
36 30 90 129 299 621 699 775 1084 1091 1173 1254 1506 1549 1662 1865 2068 2116 2260 2271 2631 3327 3528 3732 4085 4091 4120 4466 4494 4563 4725 4807
38 33 64 68 132 213 498 623 638 640 691 761 795 808 817 2365 2842 3146 3230 3336 3351 3454 3501 3871 4152 4199 4281 4307 4353 4370 4468 4634 4711 4954 4966
41 18 392 543 1046 1056 1152 1653 2297 2536 2667 2762 2861 3412 3696 3894 4196 4305 4581 4659
42 25 35 40 240 550 1047 1140 1497 1618 1842 2065 2421 2560 2750 2836 2967 2984 3149 3378 3619 3908 3969 4119 4216 4492 4896
44 48 9 11 297 425 736 1030 1122 1144 1339 1356 1380 1880 2043 2069 2125 2219 2241 2345 2386 2456 2504 2562 2563 2651 2703 2782 2814 2874 2955 3154 3272 3457 3494 3503 3597 3846 3919 4102 4171 4245 4454 4518 4540 4552 4608 4786 4860 4947
45 25 98 177 204 581 628 1398 1681 2432 2608 2803 2850 2929 2930 3104 3395 3401 3701 3760 3787 3801 4048 4155 4177 4278 4312
46 35 60 108 111 293 617 1133 1454 1468 1732 1801 1803 1816 1866 2183 2322 2437 2450 3002 3131 3338 3493 3495 3692 3735 3747 3795 3816 3829 3886 4080 4154 4377 4534 4603 4827
47 32 117 146 338 465 730 843 944 1399 1578 1716 1758 1917 1983 1986 2329 2382 2406 2470 2490 2496 2514 3023 3109 3242 3284 3353 3448 3483 3531 3873 4309 4343
50 30 93 453 474 492 1015 1093 1343 1448 1484 1654 2025 2146 2157 2375 2582 2746 2760 2823 2876 2951 3093 3550 4298 4485 4503 4743 4749 4758 4770 4850
51 63 49 58 79 343 360 431 464 487 620 755 800 915 959 978 1138 1158 1250 1384 1521 1523 1556 1665 1748 1819 1839 1846 1881 2038 2124 2178 2200 2313 2351 2747 3024 3150 3174 3182 3306 3357 3379 3396 3585 3681 3719 3724 3833 3866 3869 3980 4041 4112 4118 4205 4214 4238 4284 4395 4730 4748 4899 4916 4978
53 26 405 558 561 833 844 851 1110 1330 1641 2049 2140 2284 2395 2479 2756 2872 2901 2969 3072 3736 3823 3951 3991 4093 4512 4972
54 110 29 38 56 85 99 103 175 309 312 324 351 376 408 519 536 552 569 590 622 682 705 715 732 733 745 804 805 960 1028 1072 1117 1184 1201 1320 1391 1404 1438 1465 1494 1500 1539 1595 1756 1762 1764 1787 1800 1854 1870 1993 1997 1999 2004 2030 2112 2327 2338 2409 2492 2498 2512 2679 2715 2745 2785 2808 2856 2860 2869 2877 2911 2940 2989 3042 3066 3122 3135 3173 3294 3305 3324 3325 3387 3415 3530 3542 3547 3591 3608 3650 3882 3901 3906 3959 4006 4014 4217 4235 4469 4495 4501 4511 4522 4585 4606 4700 4706 4714 4721 4917
59 56 15 18 71 142 171 354 407 449 496 525 577 643 798 935 1182 1223 1260 1317 1323 1389 1483 1490 1573 1782 1813 1888 1894 2176 2262 2326 2350 2391 2402 2518 2534 2711 2810 2934 2993 3068 3134 3313 3355 3414 3482 3526 3652 3689 3757 3779 3940 4005 4435 4475 4779 4935
62 110 188 193 215 271 346 378 382 435 500 518 563 619 655 713 753 765 838 957 979 1033 1043 1106 1115 1270 1295 1310 1335 1345 1346 1353 1372 1428 1475 1542 1543 1675 1689 1717 1736 1828 1844 1913 1915 1923 1951 1991 2052 2053 2060 2077 2191 2265 2346 2411 2434 2468 2513 2549 2552 2678 2684 2695 2733 2766 2775 2838 2858 2897 2937 2962 2965 2974 3004 3120 3121 3322 3519 3534 3578 3624 3703 3744 3768 3784 3896 4026 4050 4149 4157 4172 4211 4246 4303 4326 4334 4361 4432 4440 4446 4487 4504 4532 4539 4566 4590 4693 4729 4736 4740 4791
64 41 84 259 273 333 540 718 809 1039 1161 1163 1190 1464 1533 1623 1637 1943 2037 2174 2331 2723 2882 2976 3054 3110 3181 3224 3252 3288 3733 3761 3847 3884 3893 4092 4101 4289 4385 4449 4464 4877 4957
65 30 86 234 576 946 997 1083 1168 1236 1968 2202 2414 2661 2683 3103 3388 3502 3554 3743 3861 3881 4072 4233 4351 4620 4826 4833 4876 4909 4940 4987
67 21 141 508 517 624 967 985 1002 1304 1629 2400 2416 2524 2525 2664 2888 3810 4096 4122 4206 4665 4864
68 25 24 157 565 603 709 750 865 943 1230 1278 1536 1604 1655 1859 2604 2809 2919 2927 3114 3281 3616 3855 4568 4662 4992
74 14 868 1431 1706 1728 1996 2029 2182 2445 3806 4046 4109 4195 4593 4671
75 100 133 134 136 169 195 242 275 305 377 513 546 606 726 729 924 1016 1119 1217 1271 1308 1340 1352 1369 1408 1443 1457 1519 1555 1605 1626 1628 1649 1672 1695 1771 1840 1841 1864 1893 2148 2222 2369 2424 2520 2522 2576 2590 2607 2628 2742 2759 2764 2853 2895 2924 2992 3013 3044 3063 3140 3142 3175 3232 3243 3244 3302 3307 3371 3420 3431 3488 3613 3727 3763 3827 3912 3913 3974 4043 4060 4082 4182 4189 4381 4384 4393 4394 4405 4406 4481 4482 4489 4524 4576 4622 4704 4722 4754 4910 4968
79 61 59 119 178 652 822 836 901 976 1006 1105 1153 1164 1213 1306 1376 1550 1891 1895 1916 1974 2031 2084 2161 2201 2209 2218 2223 2404 2528 2672 2713 2918 2963 3049 3060 3133 3218 3225 3266 3337 3363 3569 3586 3606 3671 3710 3718 3782 3783 3800 3831 3904 3963 4074 4255 4424 4476 4589 4705 4806 4856
80 27 43 568 641 714 885 909 1366 1645 1932 2535 2697 3187 3408 3441 3445 3467 3625 3987 4018 4134 4176 4400 4575 4578 4594 4629 4788
81 46 26 232 570 596 611 711 1000 1100 1114 1258 1436 1589 1768 2108 2348 2379 2440 2529 2566 2739 2755 2834 3087 3162 3164 3271 3328 3403 3471 3498 3545 3610 3663 3794 3838 3848 3914 4062 4204 4207 4299 4362 4409 4657 4955 4967
83 23 932 1061 1208 1351 1440 1874 2062 2129 2186 2399 2705 2751 2863 2920 3043 3426 3474 3664 4125 4306 4881 4906 4959
84 44 12 50 62 375 423 430 434 737 1057 1413 1525 1564 2011 2045 2067 2096 2170 2234 2296 2320 2358 2455 2467 2540 2541 2692 2885 2894 3056 3171 3248 3311 3504 3514 3854 3858 4223 4444 4561 4697 4762 4789 4818 4919
85 161 57 83 107 109 112 121 295 310 315 341 361 363 383 388 478 485 526 580 625 694 741 748 770 783 793 797 820 850 856 869 876 884 974 980 1005 1008 1018 1020 1042 1051 1060 1081 1087 1118 1222 1269 1324 1359 1362 1377 1445 1449 1451 1458 1487 1565 1570 1575 1607 1619 1650 1670 1710 1714 1740 1745 1747 1763 1848 1853 1861 1872 1930 2012 2039 2046 2114 2138 2162 2185 2228 2251 2255 2266 2274 2279 2363 2377 2423 2452 2471 2548 2587 2610 2612 2639 2740 2818 2866 2902 2910 2926 2931 2943 2977 2983 3006 3025 3029 3031 3105 3128 3137 3189 3207 3216 3285 3315 3349 3370 3392 3423 3590 3599 3672 3723 3764 3798 3898 3905 3952 3976 3983 4040 4058 4071 4089 4106 4110 4225 4228 4277 4352 4391 4412 4507 4513 4520 4541 4553 4583 4616 4674 4688 4737 4809 4839 4870 4915 4970 4981
88 25 17 174 320 763 778 1209 1419 1456 1944 2015 2239 2290 2543 2626 2833 3081 3214 3261 3638 3966 4017 4261 4515 4673 4989
91 26 115 225 371 615 660 988 1315 1586 2118 2267 2429 2581 2676 2830 3539 3716 3748 3781 3814 3853 4248 4267 4687 4723 4819 4929
95 76 33 145 148 150 223 316 321 328 389 419 439 556 637 722 749 849 879 984 1071 1183 1206 1216 1241 1256 1444 1446 1504 1511 1529 1552 1566 1606 1633 1667 1701 1806 1856 2024 2197 2211 2269 2303 2339 2349 2511 2565 2577 2677 2878 3022 3033 3065 3127 3144 3257 3290 3462 3489 3546 3595 3699 3923 3988 4165 4213 4291 4302 4379 4420 4429 4450 4488 4715 4812 4874 4875
96 24 166 304 330 555 987 1180 1238 1240 1289 1382 1676 2663 2743 2852 2881 3015 3089 3184 3639 3729 3788 4108 4316 4855
98 35 393 446 544 666 685 731 900 983 1281 1596 1906 1952 1960 1973 2036 2220 2307 2392 2458 2480 2674 2774 2815 2846 3299 3793 4012 4024 4371 4380 4710 4828 4938 4965 4986
101 70 125 160 268 327 336 344 364 479 661 746 772 971 991 1011 1120 1172 1357 1394 1524 1581 1601 1614 1630 1724 1811 1823 1962 2019 2032 2071 2122 2217 2229 2259 2261 2272 2282 2374 2433 2611 2657 2912 2950 3069 3080 3101 3200 3250 3259 3449 3485 3821 3860 3920 4008 4077 4088 4142 4197 4198 4257 4389 4426 4526 4535 4560 4689 4888 4911 4958
102 96 101 113 122 186 288 308 340 353 367 397 427 486 712 727 728 789 969 1029 1108 1127 1143 1171 1174 1191 1266 1285 1302 1347 1365 1370 1373 1407 1459 1479 1499 1507 1658 1815 1833 1903 1921 1957 1963 1977 2001 2009 2058 2061 2076 2095 2311 2321 2408 2426 2460 2593 2615 2636 2689 2702 2768 2784 2804 2904 3040 3096 3112 3205 3383 3438 3517 3582 3654 3685 3711 3767 3776 3813 3826 4105 4167 4244 4293 4407 4496 4550 4648 4751 4817 4834 4904 4914 4964 4976 4996 4997
108 26 61 135 896 917 920 1097 1207 1477 1480 1845 2097 2123 2172 2180 2372 2862 3038 3641 3778 3849 3970 4098 4422 4490 4639 4746
110 19 482 566 604 667 1045 1177 1185 1374 2500 3045 3197 3308 3931 4042 4372 4814 4821 4878 4887
111 54 100 118 197 218 244 290 399 702 738 942 965 1169 1342 1514 1559 1647 1651 1726 1757 1788 1826 1967 2121 2293 2357 2614 2675 2691 2828 2889 3143 3268 3384 3635 3875 3902 3927 3972 4030 4159 4232 4274 4329 4335 4403 4624 4680 4695 4784 4835 4861 4879 4920 4942
112 42 30 48 291 483 572 633 645 796 802 899 902 1067 1082 1210 1350 1427 2085 2131 2167 2233 2475 2957 3067 3282 3300 3343 3552 3567 3796 3797 3799 3945 3998 4035 4054 4169 4201 4368 4418 4787 4884 4984
113 23 94 286 444 634 659 875 895 1062 1329 1392 1416 1925 2477 2708 2788 2938 3630 3808 3841 3929 4328 4483 4630
114 29 306 387 693 1095 1325 1531 1678 1751 1941 1976 2333 2589 2645 2966 3008 3228 3491 3579 3598 3670 4116 4136 4191 4222 4467 4632 4635 4769 4982
115 21 137 791 840 918 1486 1527 1554 1591 1640 1805 2310 2390 2473 2544 2596 2681 3256 3484 4215 4529 4658
116 26 46 126 209 220 238 248 1103 1136 1154 1195 1314 1349 1551 1598 1693 1829 2056 2070 2387 2405 2488 2531 3249 4369 4599 4797
117 29 163 373 504 531 769 903 904 1322 1608 1822 1994 2173 2207 2476 2642 2981 3036 3086 3178 3339 3726 3791 3973 4647 4661 4692 4694 4811 4891
124 60 28 74 187 374 457 675 912 989 1040 1076 1085 1199 1214 1268 1279 1328 1669 1691 1821 1984 2020 2224 2301 2364 2396 2569 2783 2799 2867 2939 2970 2978 3030 3274 3402 3442 3480 3510 3518 3739 3786 3824 3825 3872 4033 4065 4068 4164 4301 4570 4638 4727 4766 4768 4778 4785 4793 4892 4962 4991
125 39 179 289 329 471 642 668 963 1027 1070 1107 1393 1825 1887 1914 1970 2002 2435 2483 2506 2509 2632 2722 3009 3185 3481 3614 3648 3686 3804 3883 3995 4156 4180 4282 4472 4709 4823 4905 4927
126 52 116 217 468 1068 1134 1224 1298 1401 1421 1422 1502 1697 1708 1722 1868 2110 2139 2160 2195 2252 2419 2650 2716 2829 2964 3053 3062 3073 3075 3092 3108 3265 3469 3479 3499 3508 3662 3749 3753 3900 3982 4056 4129 4219 4252 4272 4356 4497 4510 4633 4775 4939
127 83 25 82 181 211 281 311 359 507 557 560 571 595 610 630 647 773 841 845 1009 1052 1113 1188 1189 1232 1233 1243 1251 1319 1420 1515 1547 1590 1603 1643 1690 1742 1765 1810 1883 1885 2006 2225 2328 2367 2397 2465 2493 2505 2670 2757 2899 2922 3071 3113 3159 3179 3273 3345 3389 3394 3429 3460 3559 3560 3561 3581 3617 3665 3666 3717 3770 3819 3876 4052 4190 4265 4283 4295 4584 4741 4871 4932 4983
131 28 156 629 1175 1685 1807 2041 2278 2287 2306 2410 2459 2484 2618 2749 2807 2954 3125 3215 3348 3553 3603 3651 3925 4243 4247 4336 4794 4820
133 56 77 95 182 184 208 332 467 665 780 837 848 958 1012 1146 1292 1411 1463 1518 1563 1659 1668 1770 1837 1855 2100 2319 2380 2383 2418 2425 2545 2732 2822 2840 2887 2987 3079 3095 3167 3213 3393 3410 3436 3828 3840 3989 4047 4081 4194 4627 4734 4735 4832 4882 4890 4956
135 67 6 201 233 300 314 420 523 710 825 873 878 916 995 1049 1077 1155 1228 1415 1491 1498 1625 1702 1752 2196 2230 2268 2286 2376 2385 2388 2443 2623 2658 2665 2771 3000 3070 3090 3126 3190 3340 3368 3406 3544 3556 3658 3661 3834 3892 3922 3985 4051 4084 4121 4144 4181 4390 4523 4592 4602 4691 4776 4783 4873 4941 4952 4985
136 23 357 358 491 828 894 998 1034 1290 1627 1705 2073 2413 2532 2606 2817 3139 3194 3234 3478 4124 4263 4354 4977
137 20 72 488 612 823 1079 1196 2098 2235 2832 2923 3048 3166 3222 3566 3714 3812 4076 4375 4650 4760
139 61 23 144 270 409 411 472 475 534 564 646 835 886 1017 1055 1135 1147 1165 1203 1390 1470 1580 2013 2040 2048 2080 2094 2245 2247 2281 2323 2558 2710 2741 2835 2909 2941 2949 3098 3107 3377 3425 3649 3755 3953 3978 4126 4160 4254 4345 4376 4397 4486 4546 4604 4619 4681 4716 4801 4829 4923 4998
140 75 13 91 130 170 230 255 264 337 386 494 602 814 846 1025 1255 1273 1293 1378 1569 1664 1709 1737 1743 1753 1858 2090 2111 2137 2179 2199 2253 2273 2334 2407 2474 2489 2564 2579 2719 2791 2953 3059 3082 3163 3275 3362 3376 3437 3533 3538 3574 3684 3822 3850 3862 3864 4049 4104 4146 4173 4178 4203 4220 4258 4322 4392 4402 4417 4554 4559 4669 4780 4867 4889 4912
141 23 149 190 406 489 597 1125 1396 1610 1761 2057 2315 2454 2485 3262 3263 3335 3492 3676 4132 4138 4447 4763 4765
143 81 89 153 172 404 414 438 443 481 522 533 553 601 688 708 747 839 842 908 913 926 962 1202 1220 1400 1474 1476 1485 1562 1611 1616 1730 1884 1922 2091 2119 2143 2158 2184 2188 2243 2263 2285 2294 2527 2557 2599 2660 2718 2726 2770 3051 3111 3129 3155 3160 3295 3321 3369 3418 3419 3596 3622 3627 3632 3687 3774 3785 3870 3890 4011 4075 4209 4386 4461 4527 4555 4621 4631 4862 4944 4945
144 34 80 131 272 426 1059 1246 1305 1414 1544 1561 1687 1729 2016 2055 2169 2447 2481 2594 2720 2800 2865 3003 3016 3026 3094 3221 3477 3521 3592 3634 4470 4491 4664 4886
147 54 81 155 345 441 608 757 911 948 1026 1054 1066 1075 1267 1429 1462 1495 1510 1516 1568 1584 1656 1723 1775 1778 1817 1908 1929 2021 2134 2221 2277 2438 2442 2519 2736 2831 2884 2979 2990 3165 3347 3584 4009 4094 4097 4224 4266 4290 4310 4340 4401 4442 4595 4897
148 24 106 247 456 704 742 928 949 954 970 1109 1455 1587 1673 1766 2128 2205 2637 2731 3475 3780 4234 4275 4443 4598
149 23 214 436 584 759 792 794 1548 1688 1720 1814 1836 2054 2494 2556 2586 2908 3360 3490 3680 4162 4439 4757 4798
150 44 237 294 779 815 847 861 1031 1050 1211 1402 1558 1612 1631 1679 1955 2104 2248 2551 2583 2600 2849 2883 2958 2961 3085 3145 3587 3618 3668 3759 3857 4000 4103 4135 4183 4262 4271 4455 4457 4528 4667 4747 4815 4872
152 172 36 52 63 138 159 202 203 239 243 263 274 287 339 380 384 401 412 422 451 462 499 505 547 614 635 669 674 703 706 799 803 807 870 890 892 927 931 973 986 992 993 1038 1053 1088 1104 1145 1221 1226 1235 1274 1282 1294 1318 1403 1412 1597 1638 1661 1692 1713 1731 1831 1835 1882 1892 1912 1927 1979 2018 2047 2113 2145 2155 2165 2166 2193 2215 2238 2275 2325 2347 2352 2378 2461 2515 2570 2598 2629 2690 2704 2752 2761 2767 2779 2797 2820 2826 2905 2996 3007 3035 3099 3158 3183 3223 3229 3258 3301 3310 3318 3331 3334 3375 3380 3398 3399 3417 3465 3473 3509 3512 3532 3575 3576 3626 3702 3713 3728 3737 3740 3836 3895 3930 3955 3956 3975 4002 4013 4027 4064 4123 4143 4239 4249 4288 4300 4358 4373 4387 4410 4434 4438 4451 4460 4613 4617 4644 4668 4672 4679 4728 4739 4759 4761 4764 4831 4898 4902 4951 4953 4961 4963
155 26 7 39 322 493 857 1797 1809 2059 2136 2449 2530 3100 3309 3679 3754 3943 3950 4023 4053 4200 4636 4701 4804 4824 4901 4979
157 32 45 347 400 1262 1348 1453 1482 1660 1746 1791 1950 2081 2337 2526 2668 2754 2903 2952 3034 3209 3329 3593 3741 3918 4066 4099 4163 4325 4556 4572 4767 4975
158 17 267 317 937 953 1253 1316 1774 2341 2659 2857 3247 3344 3433 3623 3909 3915 4175
163 25 32 88 236 578 639 719 1186 1406 1940 2189 2335 3021 3287 3303 3317 3535 3746 3766 3863 3939 4506 4645 4712 4781 4936
166 90 67 70 279 284 296 442 495 592 599 662 680 697 716 788 874 883 914 929 930 975 1036 1157 1194 1239 1265 1301 1313 1367 1395 1433 1434 1473 1488 1727 1750 1759 1760 1852 1867 1918 1926 1935 1947 1954 2042 2089 2107 2154 2216 2359 2366 2486 2580 2601 2694 2734 2758 2813 2819 2921 2928 3050 3074 3227 3246 3280 3341 3374 3455 3497 3551 3564 3600 3647 3997 4029 4036 4259 4311 4324 4357 4378 4463 4484 4509 4655 4682 4717 4774 4894
169 45 19 21 55 180 227 532 537 766 1247 1461 1493 1615 1712 1738 1792 1793 1890 2017 2051 2092 2171 2210 2373 2620 2744 2748 2773 2795 3064 3130 3199 3219 3291 3330 3367 3421 3706 3954 4003 4365 4415 4471 4586 4719 4866
171 127 34 65 105 164 191 198 241 245 252 282 283 356 385 455 490 509 520 528 574 678 689 758 872 889 897 905 910 1019 1101 1128 1148 1231 1234 1252 1332 1397 1423 1460 1535 1577 1600 1621 1642 1666 1683 1725 1735 1798 1799 1812 1863 1873 1877 1953 1956 1965 1966 1982 2022 2147 2168 2190 2212 2237 2354 2371 2415 2466 2487 2602 2654 2776 2845 3011 3041 3177 3206 3231 3235 3286 3292 3293 3332 3372 3400 3507 3523 3525 3540 3548 3571 3588 3615 3708 3734 3769 3771 3792 3815 3916 3934 4019 4045 4063 4130 4153 4208 4285 4317 4331 4413 4448 4478 4500 4542 4549 4558 4611 4612 4623 4640 4808 4830 4849 4859 4893 4925
174 27 207 501 583 743 760 781 819 1311 1341 1582 2044 2153 2244 2384 2403 2501 2706 3091 3132 3168 3700 3968 3996 4360 4607 4713 4790
175 39 10 280 368 470 530 573 598 636 787 880 956 1938 1942 2010 2087 2144 2149 2765 2916 3153 3188 3191 3361 3443 3452 3536 3646 3704 3751 3807 4139 4188 4240 4280 4332 4587 4651 4842 4883
179 51 8 147 226 527 542 613 632 756 762 768 830 832 858 919 951 1126 1129 1622 1700 1707 1749 1949 2075 2194 2398 2559 2653 2696 3020 3373 3439 3451 3549 3688 3705 3891 3944 3957 4020 4100 4268 4286 4388 4419 4462 4502 4514 4544 4548 4720 4844
182 54 216 219 258 334 402 440 521 585 683 687 811 827 1058 1360 1368 1437 1657 1779 1969 1972 2093 2135 2249 2344 2510 2617 2717 2821 2891 2906 2994 3005 3076 3192 3240 3413 3505 3529 3750 3789 3839 3887 3889 4170 4260 4279 4436 4596 4609 4799 4853 4868 4931 4960
184 28 14 228 235 567 582 782 1048 1137 1636 1686 1946 2078 2538 2605 2839 2900 3366 3756 3809 3992 4069 4318 4323 4348 4569 4574 4755 4999
188 67 120 162 222 276 559 626 663 690 723 829 1035 1098 1170 1204 1248 1249 1309 1355 1418 1553 1576 1739 1785 1820 1928 1948 2034 2074 2082 2083 2101 2115 2130 2133 2240 2298 2457 2680 2682 2737 2772 2796 2859 2864 2875 3057 3195 3253 3289 3391 3405 3447 3640 3772 3986 4137 4166 4253 4287 4338 4565 4618 4649 4802 4838 4980 4988
189 49 27 41 69 348 350 452 459 497 657 774 784 824 831 1041 1065 1092 1218 1283 1358 1522 1715 1719 1843 1981 2007 2008 2203 2420 2444 2550 2780 3061 3298 3359 3381 3602 3657 3659 3899 3946 3965 4073 4113 4187 4319 4537 4653 4685 4950
190 18 5 168 221 502 871 1074 1481 1733 1734 2257 2517 2553 3238 3277 3416 4221 4652 4937
192 77 97 123 127 143 165 205 369 390 445 554 588 593 698 810 816 852 934 961 981 990 1096 1131 1176 1193 1303 1410 1492 1530 1546 1613 1772 1783 1834 1875 1978 2214 2343 2370 2439 2464 2616 2685 2798 2816 2841 2851 2855 2945 2972 2999 3047 3084 3208 3217 3461 3464 3563 3594 3675 3867 3868 3878 3937 3942 3964 4079 4083 4251 4366 4416 4425 4605 4683 4738 4813 4854 4922
193 28 51 192 410 450 469 950 955 972 1044 1063 1123 1198 1334 1924 1961 2120 2280 2342 2648 2753 2789 2988 3486 3589 4078 4140 4531 4707
195 58 16 31 66 362 428 695 740 751 752 860 891 1022 1296 1364 1703 1781 1784 1827 1879 1904 1985 2088 2150 2305 2393 2451 2643 2699 2806 2824 2925 3210 3251 3296 3314 3385 3459 3506 3511 3515 3643 3709 3721 3762 3832 3856 3932 4087 4111 4184 4273 4374 4551 4676 4777 4845 4913 4949
196 78 261 262 524 591 627 672 692 754 882 968 1021 1032 1116 1197 1237 1276 1385 1442 1450 1489 1644 1711 1718 1933 1934 1990 1992 2026 2035 2079 2142 2156 2368 2436 2502 2516 2568 2595 2633 2707 3052 3077 3088 3386 3404 3453 3565 3607 3621 3631 3644 3667 3674 3738 3773 3802 3874 3979 3993 3999 4095 4161 4174 4212 4313 4333 4364 4441 4473 4477 4516 4536 4562 4666 4825 4848 4908 4995
198 29 4 396 403 1004 1192 1344 1684 1988 2014 2064 2198 2258 2412 2491 2592 2655 2728 2946 2960 3151 3152 3612 3903 3935 4186 4355 4582 4600 4678
