6
0
7
0
7
3
4
2
4
2
3
3
1
3
9
3
4
0
17
1
0
0
2
9
5
1
12
3
1
0
3
7
0
3
20
0
11
11
9
3
8
1
0
7
0
3
3
0
4
3
12
7
0
2
4
2
2
8
8
3
0
11
1
0
4
5
0
0
0
5
0
9
3
12
2
0
2
0
5
6
0
11
19
1
5
1
7
8
2
4
8
2
9
1
3
19
3
9
0
1
3
1
0
5
5
2
2
1
0
9
10
9
6
3
0
3
0
31
7
1
0
7
10
7
6
5
1
0
5
12
6
0
7
12
2
0
3
6
2
0
12
7
3
2
8
12
5
1
9
5
0
3
6
3
8
2
0
7
6
5
0
1
0
6
3
0
3
6
14
6
6
8
10
4
9
8
4
2
3
1
5
15
11
0
4
1
0
1
12
8
0
2
9
2
1
4
12
3
7
0
5
5
10
6
0
3
2
5
0
8
6
1
0
0
1
4
4
7
1
5
0
5
4
0
11
7
3
0
1
9
3
15
0
18
3
2
2
1
0
4
2
8
4
2
5
0
9
4
17
5
4
0
7
2
7
5
15
4
1
2
1
4
14
0
4
0
3
2
8
0
0
10
2
13
4
12
8
0
8
15
4
6
18
1
10
4
6
4
10
2
9
2
2
6
1
10
11
6
2
5
2
3
6
3
27
8
6
8
4
1
6
1
6
2
2
17
1
2
1
2
3
3
6
5
3
5
0
0
2
3
3
11
7
5
1
3
1
1
9
2
2
0
0
8
4
4
3
0
10
2
1
0
17
1
4
5
3
2
1
2
5
2
16
6
0
3
2
6
0
5
3
1
6
4
1
5
0
2
0
18
5
0
8
1
6
6
7
0
6
0
2
0
3
10
2
2
1
0
6
1
1
2
1
8
17
7
7
1
6
4
3
3
4
10
1
5
6
10
0
10
1
5
3
12
21
5
0
3
13
1
0
2
0
12
7
0
2
10
1
8
2
7
9
4
0
10
9
7
0
12
2
8
2
2
4
11
12
0
5
0
2
1
2
6
6
1
5
9
2
2
9
0
18
9
3
6
0
7
2
0
5
4
6
0
4
0
21
18
12
0
2
2
8
8
3
12
7
0
4
5
6
7
8
7
5
2
8
7
6
11
2
8
0
4
25
7
2
0
4
1
9
7
0
4
0
7
3
0
1
0
18
4
0
0
11
2
7
1
7
0
0
7
0
1
6
4
9
11
8
1
1
8
10
2
3
14
8
8
11
0
4
5
1
2
3
6
2
3
3
10
1
7
5
14
2
2
0
10
15
5
2
9
4
1
2
14
1
13
15
4
